[0.678s] Invoking command in '/home/itolab-chotaro/HDD/Python/ROS2_omnidirectional_ssd_marge/src/mb1ssd_detection': PYTHONPATH=/home/itolab-chotaro/HDD/Python/ROS2_omnidirectional_ssd_marge/install/mb1ssd_detection/lib/python3.6/site-packages:${PYTHONPATH} /usr/bin/python3 setup.py egg_info --egg-base ../../build/mb1ssd_detection build --build-base /home/itolab-chotaro/HDD/Python/ROS2_omnidirectional_ssd_marge/build/mb1ssd_detection/build install --prefix /home/itolab-chotaro/HDD/Python/ROS2_omnidirectional_ssd_marge/install/mb1ssd_detection --record /home/itolab-chotaro/HDD/Python/ROS2_omnidirectional_ssd_marge/build/mb1ssd_detection/install.log --single-version-externally-managed
[0.977s] running egg_info
[0.978s] writing ../../build/mb1ssd_detection/mb1ssd_detection.egg-info/PKG-INFO
[0.978s] writing dependency_links to ../../build/mb1ssd_detection/mb1ssd_detection.egg-info/dependency_links.txt
[0.978s] writing entry points to ../../build/mb1ssd_detection/mb1ssd_detection.egg-info/entry_points.txt
[0.980s] writing requirements to ../../build/mb1ssd_detection/mb1ssd_detection.egg-info/requires.txt
[0.980s] writing top-level names to ../../build/mb1ssd_detection/mb1ssd_detection.egg-info/top_level.txt
[1.011s] reading manifest file '../../build/mb1ssd_detection/mb1ssd_detection.egg-info/SOURCES.txt'
[1.013s] writing manifest file '../../build/mb1ssd_detection/mb1ssd_detection.egg-info/SOURCES.txt'
[1.013s] running build
[1.013s] running build_py
[1.013s] copying mb1ssd_detection/ros2_img_detection.py -> /home/itolab-chotaro/HDD/Python/ROS2_omnidirectional_ssd_marge/build/mb1ssd_detection/build/lib/mb1ssd_detection
[1.013s] running install
[1.014s] running install_lib
[1.015s] copying /home/itolab-chotaro/HDD/Python/ROS2_omnidirectional_ssd_marge/build/mb1ssd_detection/build/lib/mb1ssd_detection/ros2_img_detection.py -> /home/itolab-chotaro/HDD/Python/ROS2_omnidirectional_ssd_marge/install/mb1ssd_detection/lib/python3.6/site-packages/mb1ssd_detection
[1.015s] byte-compiling /home/itolab-chotaro/HDD/Python/ROS2_omnidirectional_ssd_marge/install/mb1ssd_detection/lib/python3.6/site-packages/mb1ssd_detection/ros2_img_detection.py to ros2_img_detection.cpython-36.pyc
[1.016s] running install_data
[1.017s] running install_egg_info
[1.019s] removing '/home/itolab-chotaro/HDD/Python/ROS2_omnidirectional_ssd_marge/install/mb1ssd_detection/lib/python3.6/site-packages/mb1ssd_detection-0.0.0-py3.6.egg-info' (and everything under it)
[1.019s] Copying ../../build/mb1ssd_detection/mb1ssd_detection.egg-info to /home/itolab-chotaro/HDD/Python/ROS2_omnidirectional_ssd_marge/install/mb1ssd_detection/lib/python3.6/site-packages/mb1ssd_detection-0.0.0-py3.6.egg-info
[1.019s] running install_scripts
[1.036s] Installing mb1ssd_detection script to /home/itolab-chotaro/HDD/Python/ROS2_omnidirectional_ssd_marge/install/mb1ssd_detection/lib/mb1ssd_detection
[1.036s] writing list of installed files to '/home/itolab-chotaro/HDD/Python/ROS2_omnidirectional_ssd_marge/build/mb1ssd_detection/install.log'
[1.057s] Invoked command in '/home/itolab-chotaro/HDD/Python/ROS2_omnidirectional_ssd_marge/src/mb1ssd_detection' returned '0': PYTHONPATH=/home/itolab-chotaro/HDD/Python/ROS2_omnidirectional_ssd_marge/install/mb1ssd_detection/lib/python3.6/site-packages:${PYTHONPATH} /usr/bin/python3 setup.py egg_info --egg-base ../../build/mb1ssd_detection build --build-base /home/itolab-chotaro/HDD/Python/ROS2_omnidirectional_ssd_marge/build/mb1ssd_detection/build install --prefix /home/itolab-chotaro/HDD/Python/ROS2_omnidirectional_ssd_marge/install/mb1ssd_detection --record /home/itolab-chotaro/HDD/Python/ROS2_omnidirectional_ssd_marge/build/mb1ssd_detection/install.log --single-version-externally-managed
