[0.713s] DEBUG:colcon:Command line arguments: ['/usr/bin/colcon', 'build']
[0.713s] DEBUG:colcon:Parsed command line arguments: Namespace(ament_cmake_args=None, base_paths=['.'], build_base='build', catkin_cmake_args=None, catkin_skip_building_tests=False, cmake_args=None, cmake_clean_cache=False, cmake_clean_first=False, cmake_force_configure=False, cmake_target=None, cmake_target_skip_unavailable=False, continue_on_error=False, event_handlers=None, executor='parallel', ignore_user_meta=False, install_base='install', log_base=None, log_level=None, main=<bound method BuildVerb.main of <colcon_core.verb.build.BuildVerb object at 0x7fb081f759b0>>, merge_install=False, metas=['./colcon.meta'], packages_above=None, packages_above_and_dependencies=None, packages_above_depth=None, packages_end=None, packages_ignore=None, packages_ignore_regex=None, packages_select=None, packages_select_build_failed=False, packages_select_by_dep=None, packages_select_regex=None, packages_select_test_failures=False, packages_skip=None, packages_skip_build_finished=False, packages_skip_by_dep=None, packages_skip_regex=None, packages_skip_test_passed=False, packages_skip_up_to=None, packages_start=None, packages_up_to=None, packages_up_to_regex=None, parallel_workers=16, paths=None, symlink_install=False, test_result_base=None, verb_extension=<colcon_core.verb.build.BuildVerb object at 0x7fb081f759b0>, verb_name='build', verb_parser=<colcon_defaults.argument_parser.defaults.DefaultArgumentsDecorator object at 0x7fb081f75cf8>)
[0.730s] Level 1:colcon.colcon_core.package_discovery:discover_packages(colcon_meta) check parameters
[0.730s] Level 1:colcon.colcon_core.package_discovery:discover_packages(recursive) check parameters
[0.730s] Level 1:colcon.colcon_core.package_discovery:discover_packages(ignore) check parameters
[0.730s] Level 1:colcon.colcon_core.package_discovery:discover_packages(path) check parameters
[0.730s] Level 1:colcon.colcon_core.package_discovery:discover_packages(colcon_meta) discover
[0.731s] Level 1:colcon.colcon_core.package_discovery:discover_packages(recursive) discover
[0.731s] INFO:colcon.colcon_core.package_discovery:Crawling recursively for packages in '/home/seniorcar/Desktop/Yamamoto/ROS2_detection'
[0.731s] Level 1:colcon.colcon_core.package_identification:_identify(.) by extensions ['ignore', 'ignore_ament_install']
[0.731s] Level 1:colcon.colcon_core.package_identification:_identify(.) by extension 'ignore'
[0.731s] Level 1:colcon.colcon_core.package_identification:_identify(.) by extension 'ignore_ament_install'
[0.731s] Level 1:colcon.colcon_core.package_identification:_identify(.) by extensions ['colcon_pkg']
[0.731s] Level 1:colcon.colcon_core.package_identification:_identify(.) by extension 'colcon_pkg'
[0.731s] Level 1:colcon.colcon_core.package_identification:_identify(.) by extensions ['colcon_meta']
[0.731s] Level 1:colcon.colcon_core.package_identification:_identify(.) by extension 'colcon_meta'
[0.731s] Level 1:colcon.colcon_core.package_identification:_identify(.) by extensions ['ros']
[0.731s] Level 1:colcon.colcon_core.package_identification:_identify(.) by extension 'ros'
[0.755s] Level 1:colcon.colcon_core.package_identification:_identify(.) by extensions ['cmake', 'python']
[0.755s] Level 1:colcon.colcon_core.package_identification:_identify(.) by extension 'cmake'
[0.755s] Level 1:colcon.colcon_core.package_identification:_identify(.) by extension 'python'
[0.755s] Level 1:colcon.colcon_core.package_identification:_identify(.) by extensions ['python_setup_py']
[0.755s] Level 1:colcon.colcon_core.package_identification:_identify(.) by extension 'python_setup_py'
[0.756s] Level 1:colcon.colcon_core.package_identification:_identify(build) by extensions ['ignore', 'ignore_ament_install']
[0.756s] Level 1:colcon.colcon_core.package_identification:_identify(build) by extension 'ignore'
[0.756s] Level 1:colcon.colcon_core.package_identification:_identify(build) ignored
[0.757s] Level 1:colcon.colcon_core.package_identification:_identify(install) by extensions ['ignore', 'ignore_ament_install']
[0.757s] Level 1:colcon.colcon_core.package_identification:_identify(install) by extension 'ignore'
[0.757s] Level 1:colcon.colcon_core.package_identification:_identify(install) ignored
[0.757s] Level 1:colcon.colcon_core.package_identification:_identify(log) by extensions ['ignore', 'ignore_ament_install']
[0.757s] Level 1:colcon.colcon_core.package_identification:_identify(log) by extension 'ignore'
[0.757s] Level 1:colcon.colcon_core.package_identification:_identify(log) ignored
[0.757s] Level 1:colcon.colcon_core.package_identification:_identify(src) by extensions ['ignore', 'ignore_ament_install']
[0.757s] Level 1:colcon.colcon_core.package_identification:_identify(src) by extension 'ignore'
[0.757s] Level 1:colcon.colcon_core.package_identification:_identify(src) by extension 'ignore_ament_install'
[0.757s] Level 1:colcon.colcon_core.package_identification:_identify(src) by extensions ['colcon_pkg']
[0.757s] Level 1:colcon.colcon_core.package_identification:_identify(src) by extension 'colcon_pkg'
[0.757s] Level 1:colcon.colcon_core.package_identification:_identify(src) by extensions ['colcon_meta']
[0.758s] Level 1:colcon.colcon_core.package_identification:_identify(src) by extension 'colcon_meta'
[0.758s] Level 1:colcon.colcon_core.package_identification:_identify(src) by extensions ['ros']
[0.758s] Level 1:colcon.colcon_core.package_identification:_identify(src) by extension 'ros'
[0.758s] Level 1:colcon.colcon_core.package_identification:_identify(src) by extensions ['cmake', 'python']
[0.758s] Level 1:colcon.colcon_core.package_identification:_identify(src) by extension 'cmake'
[0.758s] Level 1:colcon.colcon_core.package_identification:_identify(src) by extension 'python'
[0.758s] Level 1:colcon.colcon_core.package_identification:_identify(src) by extensions ['python_setup_py']
[0.758s] Level 1:colcon.colcon_core.package_identification:_identify(src) by extension 'python_setup_py'
[0.758s] Level 1:colcon.colcon_core.package_identification:_identify(src/mb1ssd_detection) by extensions ['ignore', 'ignore_ament_install']
[0.758s] Level 1:colcon.colcon_core.package_identification:_identify(src/mb1ssd_detection) by extension 'ignore'
[0.758s] Level 1:colcon.colcon_core.package_identification:_identify(src/mb1ssd_detection) by extension 'ignore_ament_install'
[0.758s] Level 1:colcon.colcon_core.package_identification:_identify(src/mb1ssd_detection) by extensions ['colcon_pkg']
[0.758s] Level 1:colcon.colcon_core.package_identification:_identify(src/mb1ssd_detection) by extension 'colcon_pkg'
[0.758s] Level 1:colcon.colcon_core.package_identification:_identify(src/mb1ssd_detection) by extensions ['colcon_meta']
[0.758s] Level 1:colcon.colcon_core.package_identification:_identify(src/mb1ssd_detection) by extension 'colcon_meta'
[0.758s] Level 1:colcon.colcon_core.package_identification:_identify(src/mb1ssd_detection) by extensions ['ros']
[0.758s] Level 1:colcon.colcon_core.package_identification:_identify(src/mb1ssd_detection) by extension 'ros'
[0.764s] DEBUG:colcon.colcon_core.package_identification:Package 'src/mb1ssd_detection' with type 'ros.ament_python' and name 'mb1ssd_detection'
[0.765s] Level 1:colcon.colcon_core.package_identification:_identify(src/ssd_detection) by extensions ['ignore', 'ignore_ament_install']
[0.765s] Level 1:colcon.colcon_core.package_identification:_identify(src/ssd_detection) by extension 'ignore'
[0.765s] Level 1:colcon.colcon_core.package_identification:_identify(src/ssd_detection) by extension 'ignore_ament_install'
[0.765s] Level 1:colcon.colcon_core.package_identification:_identify(src/ssd_detection) by extensions ['colcon_pkg']
[0.766s] Level 1:colcon.colcon_core.package_identification:_identify(src/ssd_detection) by extension 'colcon_pkg'
[0.766s] Level 1:colcon.colcon_core.package_identification:_identify(src/ssd_detection) by extensions ['colcon_meta']
[0.766s] Level 1:colcon.colcon_core.package_identification:_identify(src/ssd_detection) by extension 'colcon_meta'
[0.766s] Level 1:colcon.colcon_core.package_identification:_identify(src/ssd_detection) by extensions ['ros']
[0.766s] Level 1:colcon.colcon_core.package_identification:_identify(src/ssd_detection) by extension 'ros'
[0.768s] DEBUG:colcon.colcon_core.package_identification:Package 'src/ssd_detection' with type 'ros.ament_python' and name 'ssd_detection'
[0.768s] Level 1:colcon.colcon_core.package_discovery:discover_packages(recursive) using defaults
[0.768s] Level 1:colcon.colcon_core.package_discovery:discover_packages(ignore) discover
[0.768s] Level 1:colcon.colcon_core.package_discovery:discover_packages(ignore) using defaults
[0.768s] Level 1:colcon.colcon_core.package_discovery:discover_packages(path) discover
[0.768s] Level 1:colcon.colcon_core.package_discovery:discover_packages(path) using defaults
[0.828s] Level 5:colcon.colcon_core.verb:set package 'mb1ssd_detection' build argument 'cmake_args' from command line to 'None'
[0.828s] Level 5:colcon.colcon_core.verb:set package 'mb1ssd_detection' build argument 'cmake_target' from command line to 'None'
[0.829s] Level 5:colcon.colcon_core.verb:set package 'mb1ssd_detection' build argument 'cmake_target_skip_unavailable' from command line to 'False'
[0.829s] Level 5:colcon.colcon_core.verb:set package 'mb1ssd_detection' build argument 'cmake_clean_cache' from command line to 'False'
[0.829s] Level 5:colcon.colcon_core.verb:set package 'mb1ssd_detection' build argument 'cmake_clean_first' from command line to 'False'
[0.829s] Level 5:colcon.colcon_core.verb:set package 'mb1ssd_detection' build argument 'cmake_force_configure' from command line to 'False'
[0.829s] Level 5:colcon.colcon_core.verb:set package 'mb1ssd_detection' build argument 'ament_cmake_args' from command line to 'None'
[0.829s] Level 5:colcon.colcon_core.verb:set package 'mb1ssd_detection' build argument 'catkin_cmake_args' from command line to 'None'
[0.829s] Level 5:colcon.colcon_core.verb:set package 'mb1ssd_detection' build argument 'catkin_skip_building_tests' from command line to 'False'
[0.829s] DEBUG:colcon.colcon_core.verb:Building package 'mb1ssd_detection' with the following arguments: {'ament_cmake_args': None, 'build_base': '/home/seniorcar/Desktop/Yamamoto/ROS2_detection/build/mb1ssd_detection', 'catkin_cmake_args': None, 'catkin_skip_building_tests': False, 'cmake_args': None, 'cmake_clean_cache': False, 'cmake_clean_first': False, 'cmake_force_configure': False, 'cmake_target': None, 'cmake_target_skip_unavailable': False, 'install_base': '/home/seniorcar/Desktop/Yamamoto/ROS2_detection/install/mb1ssd_detection', 'merge_install': False, 'path': '/home/seniorcar/Desktop/Yamamoto/ROS2_detection/src/mb1ssd_detection', 'symlink_install': False, 'test_result_base': None}
[0.833s] Level 5:colcon.colcon_core.verb:set package 'ssd_detection' build argument 'cmake_args' from command line to 'None'
[0.834s] Level 5:colcon.colcon_core.verb:set package 'ssd_detection' build argument 'cmake_target' from command line to 'None'
[0.834s] Level 5:colcon.colcon_core.verb:set package 'ssd_detection' build argument 'cmake_target_skip_unavailable' from command line to 'False'
[0.834s] Level 5:colcon.colcon_core.verb:set package 'ssd_detection' build argument 'cmake_clean_cache' from command line to 'False'
[0.834s] Level 5:colcon.colcon_core.verb:set package 'ssd_detection' build argument 'cmake_clean_first' from command line to 'False'
[0.834s] Level 5:colcon.colcon_core.verb:set package 'ssd_detection' build argument 'cmake_force_configure' from command line to 'False'
[0.834s] Level 5:colcon.colcon_core.verb:set package 'ssd_detection' build argument 'ament_cmake_args' from command line to 'None'
[0.834s] Level 5:colcon.colcon_core.verb:set package 'ssd_detection' build argument 'catkin_cmake_args' from command line to 'None'
[0.834s] Level 5:colcon.colcon_core.verb:set package 'ssd_detection' build argument 'catkin_skip_building_tests' from command line to 'False'
[0.834s] DEBUG:colcon.colcon_core.verb:Building package 'ssd_detection' with the following arguments: {'ament_cmake_args': None, 'build_base': '/home/seniorcar/Desktop/Yamamoto/ROS2_detection/build/ssd_detection', 'catkin_cmake_args': None, 'catkin_skip_building_tests': False, 'cmake_args': None, 'cmake_clean_cache': False, 'cmake_clean_first': False, 'cmake_force_configure': False, 'cmake_target': None, 'cmake_target_skip_unavailable': False, 'install_base': '/home/seniorcar/Desktop/Yamamoto/ROS2_detection/install/ssd_detection', 'merge_install': False, 'path': '/home/seniorcar/Desktop/Yamamoto/ROS2_detection/src/ssd_detection', 'symlink_install': False, 'test_result_base': None}
[0.835s] INFO:colcon.colcon_core.executor:Executing jobs using 'parallel' executor
[0.837s] DEBUG:colcon.colcon_parallel_executor.executor.parallel:run_until_complete
[0.837s] INFO:colcon.colcon_ros.task.ament_python.build:Building ROS package in '/home/seniorcar/Desktop/Yamamoto/ROS2_detection/src/mb1ssd_detection' with build type 'ament_python'
[0.838s] Level 1:colcon.colcon_core.shell:create_environment_hook('mb1ssd_detection', 'ament_prefix_path')
[0.853s] INFO:colcon.colcon_core.plugin_system:Skipping extension 'colcon_core.shell.bat': Not used on non-Windows systems
[0.853s] INFO:colcon.colcon_core.shell:Creating environment hook '/home/seniorcar/Desktop/Yamamoto/ROS2_detection/install/mb1ssd_detection/share/mb1ssd_detection/hook/ament_prefix_path.ps1'
[0.857s] INFO:colcon.colcon_core.shell:Creating environment descriptor '/home/seniorcar/Desktop/Yamamoto/ROS2_detection/install/mb1ssd_detection/share/mb1ssd_detection/hook/ament_prefix_path.dsv'
[0.858s] INFO:colcon.colcon_core.shell:Creating environment hook '/home/seniorcar/Desktop/Yamamoto/ROS2_detection/install/mb1ssd_detection/share/mb1ssd_detection/hook/ament_prefix_path.sh'
[0.859s] INFO:colcon.colcon_core.shell:Skip shell extension 'powershell' for command environment: Not usable outside of PowerShell
[0.859s] DEBUG:colcon.colcon_core.shell:Skip shell extension 'dsv' for command environment
[0.877s] DEBUG:colcon.colcon_core.shell:Ignoring prefix path '/opt/ros/dashing'
[0.877s] DEBUG:colcon.colcon_core.shell:Ignoring prefix path '/home/seniorcar/ros_ws/devel'
[0.877s] DEBUG:colcon.colcon_core.shell:Ignoring prefix path '/opt/ros/melodic'
[0.882s] INFO:colcon.colcon_ros.task.ament_python.build:Building ROS package in '/home/seniorcar/Desktop/Yamamoto/ROS2_detection/src/ssd_detection' with build type 'ament_python'
[0.882s] Level 1:colcon.colcon_core.shell:create_environment_hook('ssd_detection', 'ament_prefix_path')
[0.884s] INFO:colcon.colcon_core.shell:Creating environment hook '/home/seniorcar/Desktop/Yamamoto/ROS2_detection/install/ssd_detection/share/ssd_detection/hook/ament_prefix_path.ps1'
[0.884s] INFO:colcon.colcon_core.shell:Creating environment descriptor '/home/seniorcar/Desktop/Yamamoto/ROS2_detection/install/ssd_detection/share/ssd_detection/hook/ament_prefix_path.dsv'
[0.885s] INFO:colcon.colcon_core.shell:Creating environment hook '/home/seniorcar/Desktop/Yamamoto/ROS2_detection/install/ssd_detection/share/ssd_detection/hook/ament_prefix_path.sh'
[0.887s] INFO:colcon.colcon_core.shell:Skip shell extension 'powershell' for command environment: Not usable outside of PowerShell
[0.887s] DEBUG:colcon.colcon_core.shell:Skip shell extension 'dsv' for command environment
[0.898s] DEBUG:colcon.colcon_core.shell:Ignoring prefix path '/opt/ros/dashing'
[0.899s] DEBUG:colcon.colcon_core.shell:Ignoring prefix path '/home/seniorcar/ros_ws/devel'
[0.899s] DEBUG:colcon.colcon_core.shell:Ignoring prefix path '/opt/ros/melodic'
[1.364s] INFO:colcon.colcon_core.task.python.build:Building Python package in '/home/seniorcar/Desktop/Yamamoto/ROS2_detection/src/mb1ssd_detection'
[1.365s] INFO:colcon.colcon_core.shell:Skip shell extension 'powershell' for command environment: Not usable outside of PowerShell
[1.366s] DEBUG:colcon.colcon_core.shell:Skip shell extension 'dsv' for command environment
[1.376s] DEBUG:colcon.colcon_core.shell:Ignoring prefix path '/opt/ros/dashing'
[1.377s] DEBUG:colcon.colcon_core.shell:Ignoring prefix path '/home/seniorcar/ros_ws/devel'
[1.377s] DEBUG:colcon.colcon_core.shell:Ignoring prefix path '/opt/ros/melodic'
[1.835s] INFO:colcon.colcon_core.task.python.build:Building Python package in '/home/seniorcar/Desktop/Yamamoto/ROS2_detection/src/ssd_detection'
[1.836s] INFO:colcon.colcon_core.shell:Skip shell extension 'powershell' for command environment: Not usable outside of PowerShell
[1.836s] DEBUG:colcon.colcon_core.shell:Skip shell extension 'dsv' for command environment
[1.851s] DEBUG:colcon.colcon_core.shell:Ignoring prefix path '/opt/ros/dashing'
[1.851s] DEBUG:colcon.colcon_core.shell:Ignoring prefix path '/home/seniorcar/ros_ws/devel'
[1.851s] DEBUG:colcon.colcon_core.shell:Ignoring prefix path '/opt/ros/melodic'
[1.858s] DEBUG:colcon.colcon_core.event_handler.log_command:Invoking command in '/home/seniorcar/Desktop/Yamamoto/ROS2_detection/src/mb1ssd_detection': PYTHONPATH=/home/seniorcar/Desktop/Yamamoto/ROS2_detection/install/mb1ssd_detection/lib/python3.6/site-packages:${PYTHONPATH} /usr/bin/python3 setup.py egg_info --egg-base ../../build/mb1ssd_detection build --build-base /home/seniorcar/Desktop/Yamamoto/ROS2_detection/build/mb1ssd_detection/build install --prefix /home/seniorcar/Desktop/Yamamoto/ROS2_detection/install/mb1ssd_detection --record /home/seniorcar/Desktop/Yamamoto/ROS2_detection/build/mb1ssd_detection/install.log --single-version-externally-managed
[1.874s] DEBUG:colcon.colcon_core.event_handler.log_command:Invoking command in '/home/seniorcar/Desktop/Yamamoto/ROS2_detection/src/ssd_detection': PYTHONPATH=/home/seniorcar/Desktop/Yamamoto/ROS2_detection/install/ssd_detection/lib/python3.6/site-packages:${PYTHONPATH} /usr/bin/python3 setup.py egg_info --egg-base ../../build/ssd_detection build --build-base /home/seniorcar/Desktop/Yamamoto/ROS2_detection/build/ssd_detection/build install --prefix /home/seniorcar/Desktop/Yamamoto/ROS2_detection/install/ssd_detection --record /home/seniorcar/Desktop/Yamamoto/ROS2_detection/build/ssd_detection/install.log --single-version-externally-managed
[2.372s] DEBUG:colcon.colcon_core.event_handler.log_command:Invoked command in '/home/seniorcar/Desktop/Yamamoto/ROS2_detection/src/ssd_detection' returned '0': PYTHONPATH=/home/seniorcar/Desktop/Yamamoto/ROS2_detection/install/ssd_detection/lib/python3.6/site-packages:${PYTHONPATH} /usr/bin/python3 setup.py egg_info --egg-base ../../build/ssd_detection build --build-base /home/seniorcar/Desktop/Yamamoto/ROS2_detection/build/ssd_detection/build install --prefix /home/seniorcar/Desktop/Yamamoto/ROS2_detection/install/ssd_detection --record /home/seniorcar/Desktop/Yamamoto/ROS2_detection/build/ssd_detection/install.log --single-version-externally-managed
[2.386s] Level 1:colcon.colcon_core.environment:checking '/home/seniorcar/Desktop/Yamamoto/ROS2_detection/install/ssd_detection' for CMake module files
[2.387s] Level 1:colcon.colcon_core.environment:checking '/home/seniorcar/Desktop/Yamamoto/ROS2_detection/install/ssd_detection' for CMake config files
[2.390s] Level 1:colcon.colcon_core.environment:checking '/home/seniorcar/Desktop/Yamamoto/ROS2_detection/install/ssd_detection/lib'
[2.390s] Level 1:colcon.colcon_core.environment:checking '/home/seniorcar/Desktop/Yamamoto/ROS2_detection/install/ssd_detection/bin'
[2.391s] Level 1:colcon.colcon_core.environment:checking '/home/seniorcar/Desktop/Yamamoto/ROS2_detection/install/ssd_detection/lib/pkgconfig/ssd_detection.pc'
[2.391s] Level 1:colcon.colcon_core.environment:checking '/home/seniorcar/Desktop/Yamamoto/ROS2_detection/install/ssd_detection/lib/python3.6/site-packages'
[2.391s] Level 1:colcon.colcon_core.shell:create_environment_hook('ssd_detection', 'pythonpath')
[2.392s] INFO:colcon.colcon_core.shell:Creating environment hook '/home/seniorcar/Desktop/Yamamoto/ROS2_detection/install/ssd_detection/share/ssd_detection/hook/pythonpath.ps1'
[2.393s] INFO:colcon.colcon_core.shell:Creating environment descriptor '/home/seniorcar/Desktop/Yamamoto/ROS2_detection/install/ssd_detection/share/ssd_detection/hook/pythonpath.dsv'
[2.393s] INFO:colcon.colcon_core.shell:Creating environment hook '/home/seniorcar/Desktop/Yamamoto/ROS2_detection/install/ssd_detection/share/ssd_detection/hook/pythonpath.sh'
[2.393s] Level 1:colcon.colcon_core.environment:create_environment_scripts_only(ssd_detection)
[2.395s] INFO:colcon.colcon_core.shell:Creating package script '/home/seniorcar/Desktop/Yamamoto/ROS2_detection/install/ssd_detection/share/ssd_detection/package.ps1'
[2.396s] INFO:colcon.colcon_core.shell:Creating package descriptor '/home/seniorcar/Desktop/Yamamoto/ROS2_detection/install/ssd_detection/share/ssd_detection/package.dsv'
[2.397s] INFO:colcon.colcon_core.shell:Creating package script '/home/seniorcar/Desktop/Yamamoto/ROS2_detection/install/ssd_detection/share/ssd_detection/package.sh'
[2.398s] INFO:colcon.colcon_core.shell:Creating package script '/home/seniorcar/Desktop/Yamamoto/ROS2_detection/install/ssd_detection/share/ssd_detection/package.bash'
[2.399s] INFO:colcon.colcon_core.shell:Creating package script '/home/seniorcar/Desktop/Yamamoto/ROS2_detection/install/ssd_detection/share/ssd_detection/package.zsh'
[2.400s] Level 1:colcon.colcon_core.environment:create_file_with_runtime_dependencies(/home/seniorcar/Desktop/Yamamoto/ROS2_detection/install/ssd_detection/share/colcon-core/packages/ssd_detection)
[2.402s] Level 1:colcon.colcon_core.environment:checking '/home/seniorcar/Desktop/Yamamoto/ROS2_detection/install/mb1ssd_detection' for CMake module files
[2.404s] DEBUG:colcon.colcon_core.event_handler.log_command:Invoked command in '/home/seniorcar/Desktop/Yamamoto/ROS2_detection/src/mb1ssd_detection' returned '0': PYTHONPATH=/home/seniorcar/Desktop/Yamamoto/ROS2_detection/install/mb1ssd_detection/lib/python3.6/site-packages:${PYTHONPATH} /usr/bin/python3 setup.py egg_info --egg-base ../../build/mb1ssd_detection build --build-base /home/seniorcar/Desktop/Yamamoto/ROS2_detection/build/mb1ssd_detection/build install --prefix /home/seniorcar/Desktop/Yamamoto/ROS2_detection/install/mb1ssd_detection --record /home/seniorcar/Desktop/Yamamoto/ROS2_detection/build/mb1ssd_detection/install.log --single-version-externally-managed
[2.404s] Level 1:colcon.colcon_core.environment:checking '/home/seniorcar/Desktop/Yamamoto/ROS2_detection/install/mb1ssd_detection' for CMake config files
[2.406s] Level 1:colcon.colcon_core.environment:checking '/home/seniorcar/Desktop/Yamamoto/ROS2_detection/install/mb1ssd_detection/lib'
[2.406s] Level 1:colcon.colcon_core.environment:checking '/home/seniorcar/Desktop/Yamamoto/ROS2_detection/install/mb1ssd_detection/bin'
[2.406s] Level 1:colcon.colcon_core.environment:checking '/home/seniorcar/Desktop/Yamamoto/ROS2_detection/install/mb1ssd_detection/lib/pkgconfig/mb1ssd_detection.pc'
[2.406s] Level 1:colcon.colcon_core.environment:checking '/home/seniorcar/Desktop/Yamamoto/ROS2_detection/install/mb1ssd_detection/lib/python3.6/site-packages'
[2.406s] Level 1:colcon.colcon_core.shell:create_environment_hook('mb1ssd_detection', 'pythonpath')
[2.407s] INFO:colcon.colcon_core.shell:Creating environment hook '/home/seniorcar/Desktop/Yamamoto/ROS2_detection/install/mb1ssd_detection/share/mb1ssd_detection/hook/pythonpath.ps1'
[2.407s] INFO:colcon.colcon_core.shell:Creating environment descriptor '/home/seniorcar/Desktop/Yamamoto/ROS2_detection/install/mb1ssd_detection/share/mb1ssd_detection/hook/pythonpath.dsv'
[2.408s] INFO:colcon.colcon_core.shell:Creating environment hook '/home/seniorcar/Desktop/Yamamoto/ROS2_detection/install/mb1ssd_detection/share/mb1ssd_detection/hook/pythonpath.sh'
[2.408s] Level 1:colcon.colcon_core.environment:create_environment_scripts_only(mb1ssd_detection)
[2.409s] INFO:colcon.colcon_core.shell:Creating package script '/home/seniorcar/Desktop/Yamamoto/ROS2_detection/install/mb1ssd_detection/share/mb1ssd_detection/package.ps1'
[2.409s] INFO:colcon.colcon_core.shell:Creating package descriptor '/home/seniorcar/Desktop/Yamamoto/ROS2_detection/install/mb1ssd_detection/share/mb1ssd_detection/package.dsv'
[2.410s] INFO:colcon.colcon_core.shell:Creating package script '/home/seniorcar/Desktop/Yamamoto/ROS2_detection/install/mb1ssd_detection/share/mb1ssd_detection/package.sh'
[2.411s] INFO:colcon.colcon_core.shell:Creating package script '/home/seniorcar/Desktop/Yamamoto/ROS2_detection/install/mb1ssd_detection/share/mb1ssd_detection/package.bash'
[2.412s] INFO:colcon.colcon_core.shell:Creating package script '/home/seniorcar/Desktop/Yamamoto/ROS2_detection/install/mb1ssd_detection/share/mb1ssd_detection/package.zsh'
[2.412s] Level 1:colcon.colcon_core.environment:create_file_with_runtime_dependencies(/home/seniorcar/Desktop/Yamamoto/ROS2_detection/install/mb1ssd_detection/share/colcon-core/packages/mb1ssd_detection)
[2.413s] DEBUG:colcon.colcon_parallel_executor.executor.parallel:closing loop
[2.414s] DEBUG:colcon.colcon_parallel_executor.executor.parallel:loop closed
[2.414s] DEBUG:colcon.colcon_parallel_executor.executor.parallel:run_until_complete finished with '0'
[2.414s] DEBUG:colcon.colcon_core.event_reactor:joining thread
[2.432s] INFO:colcon.colcon_core.plugin_system:Skipping extension 'colcon_notification.desktop_notification.terminal_notifier': Not used on non-Darwin systems
[2.432s] INFO:colcon.colcon_core.plugin_system:Skipping extension 'colcon_notification.desktop_notification.win32': Not used on non-Windows systems
[2.432s] INFO:colcon.colcon_notification.desktop_notification:Sending desktop notification using 'notify2'
[2.435s] DEBUG:colcon.colcon_core.event_reactor:joined thread
[2.436s] INFO:colcon.colcon_core.shell:Creating prefix script '/home/seniorcar/Desktop/Yamamoto/ROS2_detection/install/local_setup.ps1'
[2.438s] INFO:colcon.colcon_core.shell:Creating prefix util module '/home/seniorcar/Desktop/Yamamoto/ROS2_detection/install/_local_setup_util_ps1.py'
[2.439s] INFO:colcon.colcon_core.shell:Creating prefix chain script '/home/seniorcar/Desktop/Yamamoto/ROS2_detection/install/setup.ps1'
[2.447s] INFO:colcon.colcon_core.shell:Creating prefix script '/home/seniorcar/Desktop/Yamamoto/ROS2_detection/install/local_setup.sh'
[2.448s] INFO:colcon.colcon_core.shell:Creating prefix util module '/home/seniorcar/Desktop/Yamamoto/ROS2_detection/install/_local_setup_util_sh.py'
[2.450s] INFO:colcon.colcon_core.shell:Creating prefix chain script '/home/seniorcar/Desktop/Yamamoto/ROS2_detection/install/setup.sh'
[2.460s] INFO:colcon.colcon_core.shell:Creating prefix script '/home/seniorcar/Desktop/Yamamoto/ROS2_detection/install/local_setup.bash'
[2.460s] INFO:colcon.colcon_core.shell:Creating prefix chain script '/home/seniorcar/Desktop/Yamamoto/ROS2_detection/install/setup.bash'
[2.469s] INFO:colcon.colcon_core.shell:Creating prefix script '/home/seniorcar/Desktop/Yamamoto/ROS2_detection/install/local_setup.zsh'
[2.472s] INFO:colcon.colcon_core.shell:Creating prefix chain script '/home/seniorcar/Desktop/Yamamoto/ROS2_detection/install/setup.zsh'
