[0.666s] Invoking command in '/home/itolab-chotaro/HDD/Python/ROS2_omnidirectional_ssd_marge/src/ssd_detection': PYTHONPATH=/home/itolab-chotaro/HDD/Python/ROS2_omnidirectional_ssd_marge/install/ssd_detection/lib/python3.6/site-packages:${PYTHONPATH} /usr/bin/python3 setup.py egg_info --egg-base ../../build/ssd_detection build --build-base /home/itolab-chotaro/HDD/Python/ROS2_omnidirectional_ssd_marge/build/ssd_detection/build install --prefix /home/itolab-chotaro/HDD/Python/ROS2_omnidirectional_ssd_marge/install/ssd_detection --record /home/itolab-chotaro/HDD/Python/ROS2_omnidirectional_ssd_marge/build/ssd_detection/install.log --single-version-externally-managed
[0.962s] running egg_info
[0.962s] writing ../../build/ssd_detection/ssd_detection.egg-info/PKG-INFO
[0.968s] writing dependency_links to ../../build/ssd_detection/ssd_detection.egg-info/dependency_links.txt
[0.968s] writing entry points to ../../build/ssd_detection/ssd_detection.egg-info/entry_points.txt
[0.968s] writing requirements to ../../build/ssd_detection/ssd_detection.egg-info/requires.txt
[0.977s] writing top-level names to ../../build/ssd_detection/ssd_detection.egg-info/top_level.txt
[1.005s] reading manifest file '../../build/ssd_detection/ssd_detection.egg-info/SOURCES.txt'
[1.006s] writing manifest file '../../build/ssd_detection/ssd_detection.egg-info/SOURCES.txt'
[1.006s] running build
[1.006s] running build_py
[1.007s] running install
[1.007s] running install_lib
[1.009s] running install_data
[1.009s] running install_egg_info
[1.011s] removing '/home/itolab-chotaro/HDD/Python/ROS2_omnidirectional_ssd_marge/install/ssd_detection/lib/python3.6/site-packages/ssd_detection-0.0.0-py3.6.egg-info' (and everything under it)
[1.011s] Copying ../../build/ssd_detection/ssd_detection.egg-info to /home/itolab-chotaro/HDD/Python/ROS2_omnidirectional_ssd_marge/install/ssd_detection/lib/python3.6/site-packages/ssd_detection-0.0.0-py3.6.egg-info
[1.012s] running install_scripts
[1.030s] Installing ssd_detection script to /home/itolab-chotaro/HDD/Python/ROS2_omnidirectional_ssd_marge/install/ssd_detection/lib/ssd_detection
[1.031s] writing list of installed files to '/home/itolab-chotaro/HDD/Python/ROS2_omnidirectional_ssd_marge/build/ssd_detection/install.log'
[1.066s] Invoked command in '/home/itolab-chotaro/HDD/Python/ROS2_omnidirectional_ssd_marge/src/ssd_detection' returned '0': PYTHONPATH=/home/itolab-chotaro/HDD/Python/ROS2_omnidirectional_ssd_marge/install/ssd_detection/lib/python3.6/site-packages:${PYTHONPATH} /usr/bin/python3 setup.py egg_info --egg-base ../../build/ssd_detection build --build-base /home/itolab-chotaro/HDD/Python/ROS2_omnidirectional_ssd_marge/build/ssd_detection/build install --prefix /home/itolab-chotaro/HDD/Python/ROS2_omnidirectional_ssd_marge/install/ssd_detection --record /home/itolab-chotaro/HDD/Python/ROS2_omnidirectional_ssd_marge/build/ssd_detection/install.log --single-version-externally-managed
