[0.346s] DEBUG:colcon:Command line arguments: ['/usr/bin/colcon', 'build']
[0.346s] DEBUG:colcon:Parsed command line arguments: Namespace(ament_cmake_args=None, base_paths=['.'], build_base='build', catkin_cmake_args=None, catkin_skip_building_tests=False, cmake_args=None, cmake_clean_cache=False, cmake_clean_first=False, cmake_force_configure=False, cmake_target=None, cmake_target_skip_unavailable=False, continue_on_error=False, event_handlers=None, executor='parallel', ignore_user_meta=False, install_base='install', log_base=None, log_level=None, main=<bound method BuildVerb.main of <colcon_core.verb.build.BuildVerb object at 0x7f80a6400f28>>, merge_install=False, metas=['./colcon.meta'], packages_above=None, packages_above_and_dependencies=None, packages_above_depth=None, packages_end=None, packages_ignore=None, packages_ignore_regex=None, packages_select=None, packages_select_build_failed=False, packages_select_by_dep=None, packages_select_regex=None, packages_select_test_failures=False, packages_skip=None, packages_skip_build_finished=False, packages_skip_by_dep=None, packages_skip_regex=None, packages_skip_test_passed=False, packages_skip_up_to=None, packages_start=None, packages_up_to=None, packages_up_to_regex=None, parallel_workers=6, paths=None, symlink_install=False, test_result_base=None, verb_extension=<colcon_core.verb.build.BuildVerb object at 0x7f80a6400f28>, verb_name='build', verb_parser=<colcon_defaults.argument_parser.defaults.DefaultArgumentsDecorator object at 0x7f80a612d2b0>)
[0.352s] Level 1:colcon.colcon_core.package_discovery:discover_packages(colcon_meta) check parameters
[0.352s] Level 1:colcon.colcon_core.package_discovery:discover_packages(recursive) check parameters
[0.352s] Level 1:colcon.colcon_core.package_discovery:discover_packages(ignore) check parameters
[0.352s] Level 1:colcon.colcon_core.package_discovery:discover_packages(path) check parameters
[0.352s] Level 1:colcon.colcon_core.package_discovery:discover_packages(colcon_meta) discover
[0.352s] Level 1:colcon.colcon_core.package_discovery:discover_packages(recursive) discover
[0.352s] INFO:colcon.colcon_core.package_discovery:Crawling recursively for packages in '/home/itolab-chotaro/HDD/Python/ROS2_omnidirectional_ssd_marge'
[0.352s] Level 1:colcon.colcon_core.package_identification:_identify(.) by extensions ['ignore', 'ignore_ament_install']
[0.353s] Level 1:colcon.colcon_core.package_identification:_identify(.) by extension 'ignore'
[0.353s] Level 1:colcon.colcon_core.package_identification:_identify(.) by extension 'ignore_ament_install'
[0.353s] Level 1:colcon.colcon_core.package_identification:_identify(.) by extensions ['colcon_pkg']
[0.353s] Level 1:colcon.colcon_core.package_identification:_identify(.) by extension 'colcon_pkg'
[0.353s] Level 1:colcon.colcon_core.package_identification:_identify(.) by extensions ['colcon_meta']
[0.353s] Level 1:colcon.colcon_core.package_identification:_identify(.) by extension 'colcon_meta'
[0.353s] Level 1:colcon.colcon_core.package_identification:_identify(.) by extensions ['ros']
[0.353s] Level 1:colcon.colcon_core.package_identification:_identify(.) by extension 'ros'
[0.365s] Level 1:colcon.colcon_core.package_identification:_identify(.) by extensions ['cmake', 'python']
[0.365s] Level 1:colcon.colcon_core.package_identification:_identify(.) by extension 'cmake'
[0.365s] Level 1:colcon.colcon_core.package_identification:_identify(.) by extension 'python'
[0.365s] Level 1:colcon.colcon_core.package_identification:_identify(.) by extensions ['python_setup_py']
[0.365s] Level 1:colcon.colcon_core.package_identification:_identify(.) by extension 'python_setup_py'
[0.365s] Level 1:colcon.colcon_core.package_identification:_identify(build) by extensions ['ignore', 'ignore_ament_install']
[0.365s] Level 1:colcon.colcon_core.package_identification:_identify(build) by extension 'ignore'
[0.365s] Level 1:colcon.colcon_core.package_identification:_identify(build) ignored
[0.365s] Level 1:colcon.colcon_core.package_identification:_identify(install) by extensions ['ignore', 'ignore_ament_install']
[0.365s] Level 1:colcon.colcon_core.package_identification:_identify(install) by extension 'ignore'
[0.365s] Level 1:colcon.colcon_core.package_identification:_identify(install) ignored
[0.366s] Level 1:colcon.colcon_core.package_identification:_identify(log) by extensions ['ignore', 'ignore_ament_install']
[0.366s] Level 1:colcon.colcon_core.package_identification:_identify(log) by extension 'ignore'
[0.366s] Level 1:colcon.colcon_core.package_identification:_identify(log) ignored
[0.366s] Level 1:colcon.colcon_core.package_identification:_identify(src) by extensions ['ignore', 'ignore_ament_install']
[0.366s] Level 1:colcon.colcon_core.package_identification:_identify(src) by extension 'ignore'
[0.366s] Level 1:colcon.colcon_core.package_identification:_identify(src) by extension 'ignore_ament_install'
[0.366s] Level 1:colcon.colcon_core.package_identification:_identify(src) by extensions ['colcon_pkg']
[0.366s] Level 1:colcon.colcon_core.package_identification:_identify(src) by extension 'colcon_pkg'
[0.366s] Level 1:colcon.colcon_core.package_identification:_identify(src) by extensions ['colcon_meta']
[0.366s] Level 1:colcon.colcon_core.package_identification:_identify(src) by extension 'colcon_meta'
[0.366s] Level 1:colcon.colcon_core.package_identification:_identify(src) by extensions ['ros']
[0.366s] Level 1:colcon.colcon_core.package_identification:_identify(src) by extension 'ros'
[0.366s] Level 1:colcon.colcon_core.package_identification:_identify(src) by extensions ['cmake', 'python']
[0.366s] Level 1:colcon.colcon_core.package_identification:_identify(src) by extension 'cmake'
[0.366s] Level 1:colcon.colcon_core.package_identification:_identify(src) by extension 'python'
[0.366s] Level 1:colcon.colcon_core.package_identification:_identify(src) by extensions ['python_setup_py']
[0.366s] Level 1:colcon.colcon_core.package_identification:_identify(src) by extension 'python_setup_py'
[0.366s] Level 1:colcon.colcon_core.package_identification:_identify(src/mb1ssd_detection) by extensions ['ignore', 'ignore_ament_install']
[0.367s] Level 1:colcon.colcon_core.package_identification:_identify(src/mb1ssd_detection) by extension 'ignore'
[0.367s] Level 1:colcon.colcon_core.package_identification:_identify(src/mb1ssd_detection) by extension 'ignore_ament_install'
[0.367s] Level 1:colcon.colcon_core.package_identification:_identify(src/mb1ssd_detection) by extensions ['colcon_pkg']
[0.367s] Level 1:colcon.colcon_core.package_identification:_identify(src/mb1ssd_detection) by extension 'colcon_pkg'
[0.367s] Level 1:colcon.colcon_core.package_identification:_identify(src/mb1ssd_detection) by extensions ['colcon_meta']
[0.367s] Level 1:colcon.colcon_core.package_identification:_identify(src/mb1ssd_detection) by extension 'colcon_meta'
[0.367s] Level 1:colcon.colcon_core.package_identification:_identify(src/mb1ssd_detection) by extensions ['ros']
[0.367s] Level 1:colcon.colcon_core.package_identification:_identify(src/mb1ssd_detection) by extension 'ros'
[0.369s] DEBUG:colcon.colcon_core.package_identification:Package 'src/mb1ssd_detection' with type 'ros.ament_python' and name 'mb1ssd_detection'
[0.369s] Level 1:colcon.colcon_core.package_identification:_identify(src/ssd_detection) by extensions ['ignore', 'ignore_ament_install']
[0.369s] Level 1:colcon.colcon_core.package_identification:_identify(src/ssd_detection) by extension 'ignore'
[0.369s] Level 1:colcon.colcon_core.package_identification:_identify(src/ssd_detection) by extension 'ignore_ament_install'
[0.369s] Level 1:colcon.colcon_core.package_identification:_identify(src/ssd_detection) by extensions ['colcon_pkg']
[0.369s] Level 1:colcon.colcon_core.package_identification:_identify(src/ssd_detection) by extension 'colcon_pkg'
[0.369s] Level 1:colcon.colcon_core.package_identification:_identify(src/ssd_detection) by extensions ['colcon_meta']
[0.369s] Level 1:colcon.colcon_core.package_identification:_identify(src/ssd_detection) by extension 'colcon_meta'
[0.369s] Level 1:colcon.colcon_core.package_identification:_identify(src/ssd_detection) by extensions ['ros']
[0.369s] Level 1:colcon.colcon_core.package_identification:_identify(src/ssd_detection) by extension 'ros'
[0.378s] DEBUG:colcon.colcon_core.package_identification:Package 'src/ssd_detection' with type 'ros.ament_python' and name 'ssd_detection'
[0.378s] Level 1:colcon.colcon_core.package_discovery:discover_packages(recursive) using defaults
[0.378s] Level 1:colcon.colcon_core.package_discovery:discover_packages(ignore) discover
[0.378s] Level 1:colcon.colcon_core.package_discovery:discover_packages(ignore) using defaults
[0.378s] Level 1:colcon.colcon_core.package_discovery:discover_packages(path) discover
[0.378s] Level 1:colcon.colcon_core.package_discovery:discover_packages(path) using defaults
[0.396s] Level 5:colcon.colcon_core.verb:set package 'mb1ssd_detection' build argument 'cmake_args' from command line to 'None'
[0.396s] Level 5:colcon.colcon_core.verb:set package 'mb1ssd_detection' build argument 'cmake_target' from command line to 'None'
[0.396s] Level 5:colcon.colcon_core.verb:set package 'mb1ssd_detection' build argument 'cmake_target_skip_unavailable' from command line to 'False'
[0.396s] Level 5:colcon.colcon_core.verb:set package 'mb1ssd_detection' build argument 'cmake_clean_cache' from command line to 'False'
[0.396s] Level 5:colcon.colcon_core.verb:set package 'mb1ssd_detection' build argument 'cmake_clean_first' from command line to 'False'
[0.396s] Level 5:colcon.colcon_core.verb:set package 'mb1ssd_detection' build argument 'cmake_force_configure' from command line to 'False'
[0.396s] Level 5:colcon.colcon_core.verb:set package 'mb1ssd_detection' build argument 'ament_cmake_args' from command line to 'None'
[0.396s] Level 5:colcon.colcon_core.verb:set package 'mb1ssd_detection' build argument 'catkin_cmake_args' from command line to 'None'
[0.396s] Level 5:colcon.colcon_core.verb:set package 'mb1ssd_detection' build argument 'catkin_skip_building_tests' from command line to 'False'
[0.397s] DEBUG:colcon.colcon_core.verb:Building package 'mb1ssd_detection' with the following arguments: {'ament_cmake_args': None, 'build_base': '/home/itolab-chotaro/HDD/Python/ROS2_omnidirectional_ssd_marge/build/mb1ssd_detection', 'catkin_cmake_args': None, 'catkin_skip_building_tests': False, 'cmake_args': None, 'cmake_clean_cache': False, 'cmake_clean_first': False, 'cmake_force_configure': False, 'cmake_target': None, 'cmake_target_skip_unavailable': False, 'install_base': '/home/itolab-chotaro/HDD/Python/ROS2_omnidirectional_ssd_marge/install/mb1ssd_detection', 'merge_install': False, 'path': '/home/itolab-chotaro/HDD/Python/ROS2_omnidirectional_ssd_marge/src/mb1ssd_detection', 'symlink_install': False, 'test_result_base': None}
[0.399s] Level 5:colcon.colcon_core.verb:set package 'ssd_detection' build argument 'cmake_args' from command line to 'None'
[0.399s] Level 5:colcon.colcon_core.verb:set package 'ssd_detection' build argument 'cmake_target' from command line to 'None'
[0.399s] Level 5:colcon.colcon_core.verb:set package 'ssd_detection' build argument 'cmake_target_skip_unavailable' from command line to 'False'
[0.399s] Level 5:colcon.colcon_core.verb:set package 'ssd_detection' build argument 'cmake_clean_cache' from command line to 'False'
[0.399s] Level 5:colcon.colcon_core.verb:set package 'ssd_detection' build argument 'cmake_clean_first' from command line to 'False'
[0.399s] Level 5:colcon.colcon_core.verb:set package 'ssd_detection' build argument 'cmake_force_configure' from command line to 'False'
[0.399s] Level 5:colcon.colcon_core.verb:set package 'ssd_detection' build argument 'ament_cmake_args' from command line to 'None'
[0.399s] Level 5:colcon.colcon_core.verb:set package 'ssd_detection' build argument 'catkin_cmake_args' from command line to 'None'
[0.399s] Level 5:colcon.colcon_core.verb:set package 'ssd_detection' build argument 'catkin_skip_building_tests' from command line to 'False'
[0.399s] DEBUG:colcon.colcon_core.verb:Building package 'ssd_detection' with the following arguments: {'ament_cmake_args': None, 'build_base': '/home/itolab-chotaro/HDD/Python/ROS2_omnidirectional_ssd_marge/build/ssd_detection', 'catkin_cmake_args': None, 'catkin_skip_building_tests': False, 'cmake_args': None, 'cmake_clean_cache': False, 'cmake_clean_first': False, 'cmake_force_configure': False, 'cmake_target': None, 'cmake_target_skip_unavailable': False, 'install_base': '/home/itolab-chotaro/HDD/Python/ROS2_omnidirectional_ssd_marge/install/ssd_detection', 'merge_install': False, 'path': '/home/itolab-chotaro/HDD/Python/ROS2_omnidirectional_ssd_marge/src/ssd_detection', 'symlink_install': False, 'test_result_base': None}
[0.400s] INFO:colcon.colcon_core.executor:Executing jobs using 'parallel' executor
[0.402s] DEBUG:colcon.colcon_parallel_executor.executor.parallel:run_until_complete
[0.402s] INFO:colcon.colcon_ros.task.ament_python.build:Building ROS package in '/home/itolab-chotaro/HDD/Python/ROS2_omnidirectional_ssd_marge/src/mb1ssd_detection' with build type 'ament_python'
[0.402s] Level 1:colcon.colcon_core.shell:create_environment_hook('mb1ssd_detection', 'ament_prefix_path')
[0.406s] INFO:colcon.colcon_core.plugin_system:Skipping extension 'colcon_core.shell.bat': Not used on non-Windows systems
[0.406s] INFO:colcon.colcon_core.shell:Creating environment hook '/home/itolab-chotaro/HDD/Python/ROS2_omnidirectional_ssd_marge/install/mb1ssd_detection/share/mb1ssd_detection/hook/ament_prefix_path.ps1'
[0.407s] INFO:colcon.colcon_core.shell:Creating environment descriptor '/home/itolab-chotaro/HDD/Python/ROS2_omnidirectional_ssd_marge/install/mb1ssd_detection/share/mb1ssd_detection/hook/ament_prefix_path.dsv'
[0.407s] INFO:colcon.colcon_core.shell:Creating environment hook '/home/itolab-chotaro/HDD/Python/ROS2_omnidirectional_ssd_marge/install/mb1ssd_detection/share/mb1ssd_detection/hook/ament_prefix_path.sh'
[0.408s] INFO:colcon.colcon_core.shell:Skip shell extension 'powershell' for command environment: Not usable outside of PowerShell
[0.408s] DEBUG:colcon.colcon_core.shell:Skip shell extension 'dsv' for command environment
[0.420s] DEBUG:colcon.colcon_core.shell:Ignoring prefix path '/opt/ros/dashing'
[0.420s] DEBUG:colcon.colcon_core.shell:Ignoring prefix path '/home/itolab-chotaro/lane_change_ws/devel'
[0.420s] DEBUG:colcon.colcon_core.shell:Ignoring prefix path '/opt/ros/melodic'
[0.422s] INFO:colcon.colcon_ros.task.ament_python.build:Building ROS package in '/home/itolab-chotaro/HDD/Python/ROS2_omnidirectional_ssd_marge/src/ssd_detection' with build type 'ament_python'
[0.423s] Level 1:colcon.colcon_core.shell:create_environment_hook('ssd_detection', 'ament_prefix_path')
[0.424s] INFO:colcon.colcon_core.shell:Creating environment hook '/home/itolab-chotaro/HDD/Python/ROS2_omnidirectional_ssd_marge/install/ssd_detection/share/ssd_detection/hook/ament_prefix_path.ps1'
[0.424s] INFO:colcon.colcon_core.shell:Creating environment descriptor '/home/itolab-chotaro/HDD/Python/ROS2_omnidirectional_ssd_marge/install/ssd_detection/share/ssd_detection/hook/ament_prefix_path.dsv'
[0.425s] INFO:colcon.colcon_core.shell:Creating environment hook '/home/itolab-chotaro/HDD/Python/ROS2_omnidirectional_ssd_marge/install/ssd_detection/share/ssd_detection/hook/ament_prefix_path.sh'
[0.426s] INFO:colcon.colcon_core.shell:Skip shell extension 'powershell' for command environment: Not usable outside of PowerShell
[0.426s] DEBUG:colcon.colcon_core.shell:Skip shell extension 'dsv' for command environment
[0.437s] DEBUG:colcon.colcon_core.shell:Ignoring prefix path '/opt/ros/dashing'
[0.437s] DEBUG:colcon.colcon_core.shell:Ignoring prefix path '/home/itolab-chotaro/lane_change_ws/devel'
[0.437s] DEBUG:colcon.colcon_core.shell:Ignoring prefix path '/opt/ros/melodic'
[0.744s] INFO:colcon.colcon_core.task.python.build:Building Python package in '/home/itolab-chotaro/HDD/Python/ROS2_omnidirectional_ssd_marge/src/mb1ssd_detection'
[0.745s] INFO:colcon.colcon_core.shell:Skip shell extension 'powershell' for command environment: Not usable outside of PowerShell
[0.745s] DEBUG:colcon.colcon_core.shell:Skip shell extension 'dsv' for command environment
[0.759s] DEBUG:colcon.colcon_core.shell:Ignoring prefix path '/opt/ros/dashing'
[0.759s] DEBUG:colcon.colcon_core.shell:Ignoring prefix path '/home/itolab-chotaro/lane_change_ws/devel'
[0.759s] DEBUG:colcon.colcon_core.shell:Ignoring prefix path '/opt/ros/melodic'
[1.073s] INFO:colcon.colcon_core.task.python.build:Building Python package in '/home/itolab-chotaro/HDD/Python/ROS2_omnidirectional_ssd_marge/src/ssd_detection'
[1.075s] INFO:colcon.colcon_core.shell:Skip shell extension 'powershell' for command environment: Not usable outside of PowerShell
[1.075s] DEBUG:colcon.colcon_core.shell:Skip shell extension 'dsv' for command environment
[1.086s] DEBUG:colcon.colcon_core.shell:Ignoring prefix path '/opt/ros/dashing'
[1.086s] DEBUG:colcon.colcon_core.shell:Ignoring prefix path '/home/itolab-chotaro/lane_change_ws/devel'
[1.086s] DEBUG:colcon.colcon_core.shell:Ignoring prefix path '/opt/ros/melodic'
[1.091s] DEBUG:colcon.colcon_core.event_handler.log_command:Invoking command in '/home/itolab-chotaro/HDD/Python/ROS2_omnidirectional_ssd_marge/src/mb1ssd_detection': PYTHONPATH=/home/itolab-chotaro/HDD/Python/ROS2_omnidirectional_ssd_marge/install/mb1ssd_detection/lib/python3.6/site-packages:${PYTHONPATH} /usr/bin/python3 setup.py egg_info --egg-base ../../build/mb1ssd_detection build --build-base /home/itolab-chotaro/HDD/Python/ROS2_omnidirectional_ssd_marge/build/mb1ssd_detection/build install --prefix /home/itolab-chotaro/HDD/Python/ROS2_omnidirectional_ssd_marge/install/mb1ssd_detection --record /home/itolab-chotaro/HDD/Python/ROS2_omnidirectional_ssd_marge/build/mb1ssd_detection/install.log --single-version-externally-managed
[1.100s] DEBUG:colcon.colcon_core.event_handler.log_command:Invoking command in '/home/itolab-chotaro/HDD/Python/ROS2_omnidirectional_ssd_marge/src/ssd_detection': PYTHONPATH=/home/itolab-chotaro/HDD/Python/ROS2_omnidirectional_ssd_marge/install/ssd_detection/lib/python3.6/site-packages:${PYTHONPATH} /usr/bin/python3 setup.py egg_info --egg-base ../../build/ssd_detection build --build-base /home/itolab-chotaro/HDD/Python/ROS2_omnidirectional_ssd_marge/build/ssd_detection/build install --prefix /home/itolab-chotaro/HDD/Python/ROS2_omnidirectional_ssd_marge/install/ssd_detection --record /home/itolab-chotaro/HDD/Python/ROS2_omnidirectional_ssd_marge/build/ssd_detection/install.log --single-version-externally-managed
[1.498s] DEBUG:colcon.colcon_core.event_handler.log_command:Invoked command in '/home/itolab-chotaro/HDD/Python/ROS2_omnidirectional_ssd_marge/src/ssd_detection' returned '0': PYTHONPATH=/home/itolab-chotaro/HDD/Python/ROS2_omnidirectional_ssd_marge/install/ssd_detection/lib/python3.6/site-packages:${PYTHONPATH} /usr/bin/python3 setup.py egg_info --egg-base ../../build/ssd_detection build --build-base /home/itolab-chotaro/HDD/Python/ROS2_omnidirectional_ssd_marge/build/ssd_detection/build install --prefix /home/itolab-chotaro/HDD/Python/ROS2_omnidirectional_ssd_marge/install/ssd_detection --record /home/itolab-chotaro/HDD/Python/ROS2_omnidirectional_ssd_marge/build/ssd_detection/install.log --single-version-externally-managed
[1.502s] Level 1:colcon.colcon_core.environment:checking '/home/itolab-chotaro/HDD/Python/ROS2_omnidirectional_ssd_marge/install/ssd_detection' for CMake module files
[1.503s] Level 1:colcon.colcon_core.environment:checking '/home/itolab-chotaro/HDD/Python/ROS2_omnidirectional_ssd_marge/install/ssd_detection' for CMake config files
[1.504s] Level 1:colcon.colcon_core.environment:checking '/home/itolab-chotaro/HDD/Python/ROS2_omnidirectional_ssd_marge/install/ssd_detection/lib'
[1.504s] Level 1:colcon.colcon_core.environment:checking '/home/itolab-chotaro/HDD/Python/ROS2_omnidirectional_ssd_marge/install/ssd_detection/bin'
[1.504s] Level 1:colcon.colcon_core.environment:checking '/home/itolab-chotaro/HDD/Python/ROS2_omnidirectional_ssd_marge/install/ssd_detection/lib/pkgconfig/ssd_detection.pc'
[1.504s] Level 1:colcon.colcon_core.environment:checking '/home/itolab-chotaro/HDD/Python/ROS2_omnidirectional_ssd_marge/install/ssd_detection/lib/python3.6/site-packages'
[1.504s] Level 1:colcon.colcon_core.shell:create_environment_hook('ssd_detection', 'pythonpath')
[1.505s] INFO:colcon.colcon_core.shell:Creating environment hook '/home/itolab-chotaro/HDD/Python/ROS2_omnidirectional_ssd_marge/install/ssd_detection/share/ssd_detection/hook/pythonpath.ps1'
[1.505s] INFO:colcon.colcon_core.shell:Creating environment descriptor '/home/itolab-chotaro/HDD/Python/ROS2_omnidirectional_ssd_marge/install/ssd_detection/share/ssd_detection/hook/pythonpath.dsv'
[1.505s] INFO:colcon.colcon_core.shell:Creating environment hook '/home/itolab-chotaro/HDD/Python/ROS2_omnidirectional_ssd_marge/install/ssd_detection/share/ssd_detection/hook/pythonpath.sh'
[1.506s] Level 1:colcon.colcon_core.environment:create_environment_scripts_only(ssd_detection)
[1.506s] INFO:colcon.colcon_core.shell:Creating package script '/home/itolab-chotaro/HDD/Python/ROS2_omnidirectional_ssd_marge/install/ssd_detection/share/ssd_detection/package.ps1'
[1.508s] INFO:colcon.colcon_core.shell:Creating package descriptor '/home/itolab-chotaro/HDD/Python/ROS2_omnidirectional_ssd_marge/install/ssd_detection/share/ssd_detection/package.dsv'
[1.508s] INFO:colcon.colcon_core.shell:Creating package script '/home/itolab-chotaro/HDD/Python/ROS2_omnidirectional_ssd_marge/install/ssd_detection/share/ssd_detection/package.sh'
[1.509s] INFO:colcon.colcon_core.shell:Creating package script '/home/itolab-chotaro/HDD/Python/ROS2_omnidirectional_ssd_marge/install/ssd_detection/share/ssd_detection/package.bash'
[1.510s] INFO:colcon.colcon_core.shell:Creating package script '/home/itolab-chotaro/HDD/Python/ROS2_omnidirectional_ssd_marge/install/ssd_detection/share/ssd_detection/package.zsh'
[1.511s] Level 1:colcon.colcon_core.environment:create_file_with_runtime_dependencies(/home/itolab-chotaro/HDD/Python/ROS2_omnidirectional_ssd_marge/install/ssd_detection/share/colcon-core/packages/ssd_detection)
[1.513s] Level 1:colcon.colcon_core.environment:checking '/home/itolab-chotaro/HDD/Python/ROS2_omnidirectional_ssd_marge/install/mb1ssd_detection' for CMake module files
[1.514s] DEBUG:colcon.colcon_core.event_handler.log_command:Invoked command in '/home/itolab-chotaro/HDD/Python/ROS2_omnidirectional_ssd_marge/src/mb1ssd_detection' returned '0': PYTHONPATH=/home/itolab-chotaro/HDD/Python/ROS2_omnidirectional_ssd_marge/install/mb1ssd_detection/lib/python3.6/site-packages:${PYTHONPATH} /usr/bin/python3 setup.py egg_info --egg-base ../../build/mb1ssd_detection build --build-base /home/itolab-chotaro/HDD/Python/ROS2_omnidirectional_ssd_marge/build/mb1ssd_detection/build install --prefix /home/itolab-chotaro/HDD/Python/ROS2_omnidirectional_ssd_marge/install/mb1ssd_detection --record /home/itolab-chotaro/HDD/Python/ROS2_omnidirectional_ssd_marge/build/mb1ssd_detection/install.log --single-version-externally-managed
[1.514s] Level 1:colcon.colcon_core.environment:checking '/home/itolab-chotaro/HDD/Python/ROS2_omnidirectional_ssd_marge/install/mb1ssd_detection' for CMake config files
[1.515s] Level 1:colcon.colcon_core.environment:checking '/home/itolab-chotaro/HDD/Python/ROS2_omnidirectional_ssd_marge/install/mb1ssd_detection/lib'
[1.515s] Level 1:colcon.colcon_core.environment:checking '/home/itolab-chotaro/HDD/Python/ROS2_omnidirectional_ssd_marge/install/mb1ssd_detection/bin'
[1.515s] Level 1:colcon.colcon_core.environment:checking '/home/itolab-chotaro/HDD/Python/ROS2_omnidirectional_ssd_marge/install/mb1ssd_detection/lib/pkgconfig/mb1ssd_detection.pc'
[1.515s] Level 1:colcon.colcon_core.environment:checking '/home/itolab-chotaro/HDD/Python/ROS2_omnidirectional_ssd_marge/install/mb1ssd_detection/lib/python3.6/site-packages'
[1.515s] Level 1:colcon.colcon_core.shell:create_environment_hook('mb1ssd_detection', 'pythonpath')
[1.515s] INFO:colcon.colcon_core.shell:Creating environment hook '/home/itolab-chotaro/HDD/Python/ROS2_omnidirectional_ssd_marge/install/mb1ssd_detection/share/mb1ssd_detection/hook/pythonpath.ps1'
[1.516s] INFO:colcon.colcon_core.shell:Creating environment descriptor '/home/itolab-chotaro/HDD/Python/ROS2_omnidirectional_ssd_marge/install/mb1ssd_detection/share/mb1ssd_detection/hook/pythonpath.dsv'
[1.516s] INFO:colcon.colcon_core.shell:Creating environment hook '/home/itolab-chotaro/HDD/Python/ROS2_omnidirectional_ssd_marge/install/mb1ssd_detection/share/mb1ssd_detection/hook/pythonpath.sh'
[1.516s] Level 1:colcon.colcon_core.environment:create_environment_scripts_only(mb1ssd_detection)
[1.517s] INFO:colcon.colcon_core.shell:Creating package script '/home/itolab-chotaro/HDD/Python/ROS2_omnidirectional_ssd_marge/install/mb1ssd_detection/share/mb1ssd_detection/package.ps1'
[1.517s] INFO:colcon.colcon_core.shell:Creating package descriptor '/home/itolab-chotaro/HDD/Python/ROS2_omnidirectional_ssd_marge/install/mb1ssd_detection/share/mb1ssd_detection/package.dsv'
[1.518s] INFO:colcon.colcon_core.shell:Creating package script '/home/itolab-chotaro/HDD/Python/ROS2_omnidirectional_ssd_marge/install/mb1ssd_detection/share/mb1ssd_detection/package.sh'
[1.518s] INFO:colcon.colcon_core.shell:Creating package script '/home/itolab-chotaro/HDD/Python/ROS2_omnidirectional_ssd_marge/install/mb1ssd_detection/share/mb1ssd_detection/package.bash'
[1.538s] INFO:colcon.colcon_core.shell:Creating package script '/home/itolab-chotaro/HDD/Python/ROS2_omnidirectional_ssd_marge/install/mb1ssd_detection/share/mb1ssd_detection/package.zsh'
[1.538s] Level 1:colcon.colcon_core.environment:create_file_with_runtime_dependencies(/home/itolab-chotaro/HDD/Python/ROS2_omnidirectional_ssd_marge/install/mb1ssd_detection/share/colcon-core/packages/mb1ssd_detection)
[1.538s] DEBUG:colcon.colcon_parallel_executor.executor.parallel:closing loop
[1.539s] DEBUG:colcon.colcon_parallel_executor.executor.parallel:loop closed
[1.539s] DEBUG:colcon.colcon_parallel_executor.executor.parallel:run_until_complete finished with '0'
[1.539s] DEBUG:colcon.colcon_core.event_reactor:joining thread
[1.547s] INFO:colcon.colcon_core.plugin_system:Skipping extension 'colcon_notification.desktop_notification.terminal_notifier': Not used on non-Darwin systems
[1.547s] INFO:colcon.colcon_core.plugin_system:Skipping extension 'colcon_notification.desktop_notification.win32': Not used on non-Windows systems
[1.547s] INFO:colcon.colcon_notification.desktop_notification:Sending desktop notification using 'notify2'
[1.549s] DEBUG:colcon.colcon_core.event_reactor:joined thread
[1.550s] INFO:colcon.colcon_core.shell:Creating prefix script '/home/itolab-chotaro/HDD/Python/ROS2_omnidirectional_ssd_marge/install/local_setup.ps1'
[1.551s] INFO:colcon.colcon_core.shell:Creating prefix util module '/home/itolab-chotaro/HDD/Python/ROS2_omnidirectional_ssd_marge/install/_local_setup_util_ps1.py'
[1.553s] INFO:colcon.colcon_core.shell:Creating prefix chain script '/home/itolab-chotaro/HDD/Python/ROS2_omnidirectional_ssd_marge/install/setup.ps1'
[1.562s] INFO:colcon.colcon_core.shell:Creating prefix script '/home/itolab-chotaro/HDD/Python/ROS2_omnidirectional_ssd_marge/install/local_setup.sh'
[1.563s] INFO:colcon.colcon_core.shell:Creating prefix util module '/home/itolab-chotaro/HDD/Python/ROS2_omnidirectional_ssd_marge/install/_local_setup_util_sh.py'
[1.563s] INFO:colcon.colcon_core.shell:Creating prefix chain script '/home/itolab-chotaro/HDD/Python/ROS2_omnidirectional_ssd_marge/install/setup.sh'
[1.572s] INFO:colcon.colcon_core.shell:Creating prefix script '/home/itolab-chotaro/HDD/Python/ROS2_omnidirectional_ssd_marge/install/local_setup.bash'
[1.572s] INFO:colcon.colcon_core.shell:Creating prefix chain script '/home/itolab-chotaro/HDD/Python/ROS2_omnidirectional_ssd_marge/install/setup.bash'
[1.580s] INFO:colcon.colcon_core.shell:Creating prefix script '/home/itolab-chotaro/HDD/Python/ROS2_omnidirectional_ssd_marge/install/local_setup.zsh'
[1.581s] INFO:colcon.colcon_core.shell:Creating prefix chain script '/home/itolab-chotaro/HDD/Python/ROS2_omnidirectional_ssd_marge/install/setup.zsh'
