/home/seniorcar/.local/lib/python3.6/site-packages/setuptools/dist.py:720: UserWarning: Usage of dash-separated 'script-dir' will not be supported in future versions. Please use the underscore name 'script_dir' instead
  % (opt, underscore_opt)
/home/seniorcar/.local/lib/python3.6/site-packages/setuptools/dist.py:720: UserWarning: Usage of dash-separated 'install-scripts' will not be supported in future versions. Please use the underscore name 'install_scripts' instead
  % (opt, underscore_opt)
running egg_info
writing ../../build/mb1ssd_detection/mb1ssd_detection.egg-info/PKG-INFO
writing dependency_links to ../../build/mb1ssd_detection/mb1ssd_detection.egg-info/dependency_links.txt
writing entry points to ../../build/mb1ssd_detection/mb1ssd_detection.egg-info/entry_points.txt
writing requirements to ../../build/mb1ssd_detection/mb1ssd_detection.egg-info/requires.txt
writing top-level names to ../../build/mb1ssd_detection/mb1ssd_detection.egg-info/top_level.txt
reading manifest file '../../build/mb1ssd_detection/mb1ssd_detection.egg-info/SOURCES.txt'
writing manifest file '../../build/mb1ssd_detection/mb1ssd_detection.egg-info/SOURCES.txt'
running build
running build_py
copying mb1ssd_detection/utils/mobile_model.py -> /home/seniorcar/Desktop/Yamamoto/ROS2_detection/build/mb1ssd_detection/build/lib/mb1ssd_detection/utils
running install
running install_lib
copying /home/seniorcar/Desktop/Yamamoto/ROS2_detection/build/mb1ssd_detection/build/lib/mb1ssd_detection/utils/mobile_model.py -> /home/seniorcar/Desktop/Yamamoto/ROS2_detection/install/mb1ssd_detection/lib/python3.6/site-packages/mb1ssd_detection/utils
byte-compiling /home/seniorcar/Desktop/Yamamoto/ROS2_detection/install/mb1ssd_detection/lib/python3.6/site-packages/mb1ssd_detection/utils/mobile_model.py to mobile_model.cpython-36.pyc
running install_data
running install_egg_info
removing '/home/seniorcar/Desktop/Yamamoto/ROS2_detection/install/mb1ssd_detection/lib/python3.6/site-packages/mb1ssd_detection-0.0.0-py3.6.egg-info' (and everything under it)
Copying ../../build/mb1ssd_detection/mb1ssd_detection.egg-info to /home/seniorcar/Desktop/Yamamoto/ROS2_detection/install/mb1ssd_detection/lib/python3.6/site-packages/mb1ssd_detection-0.0.0-py3.6.egg-info
running install_scripts
Installing mb1ssd_detection script to /home/seniorcar/Desktop/Yamamoto/ROS2_detection/install/mb1ssd_detection/lib/mb1ssd_detection
writing list of installed files to '/home/seniorcar/Desktop/Yamamoto/ROS2_detection/build/mb1ssd_detection/install.log'
