/home/seniorcar/.local/lib/python3.6/site-packages/setuptools/dist.py:720: UserWarning: Usage of dash-separated 'script-dir' will not be supported in future versions. Please use the underscore name 'script_dir' instead
  % (opt, underscore_opt)
/home/seniorcar/.local/lib/python3.6/site-packages/setuptools/dist.py:720: UserWarning: Usage of dash-separated 'install-scripts' will not be supported in future versions. Please use the underscore name 'install_scripts' instead
  % (opt, underscore_opt)
running egg_info
creating ../../build/ssd_detection/ssd_detection.egg-info
writing ../../build/ssd_detection/ssd_detection.egg-info/PKG-INFO
writing dependency_links to ../../build/ssd_detection/ssd_detection.egg-info/dependency_links.txt
writing entry points to ../../build/ssd_detection/ssd_detection.egg-info/entry_points.txt
writing requirements to ../../build/ssd_detection/ssd_detection.egg-info/requires.txt
writing top-level names to ../../build/ssd_detection/ssd_detection.egg-info/top_level.txt
writing manifest file '../../build/ssd_detection/ssd_detection.egg-info/SOURCES.txt'
reading manifest file '../../build/ssd_detection/ssd_detection.egg-info/SOURCES.txt'
writing manifest file '../../build/ssd_detection/ssd_detection.egg-info/SOURCES.txt'
running build
running build_py
creating /home/seniorcar/Desktop/Yamamoto/ROS2_detection/build/ssd_detection/build
creating /home/seniorcar/Desktop/Yamamoto/ROS2_detection/build/ssd_detection/build/lib
creating /home/seniorcar/Desktop/Yamamoto/ROS2_detection/build/ssd_detection/build/lib/ssd_detection
copying ssd_detection/ros2_panorama_detection.py -> /home/seniorcar/Desktop/Yamamoto/ROS2_detection/build/ssd_detection/build/lib/ssd_detection
copying ssd_detection/ros2_img_detection.py -> /home/seniorcar/Desktop/Yamamoto/ROS2_detection/build/ssd_detection/build/lib/ssd_detection
copying ssd_detection/__init__.py -> /home/seniorcar/Desktop/Yamamoto/ROS2_detection/build/ssd_detection/build/lib/ssd_detection
creating /home/seniorcar/Desktop/Yamamoto/ROS2_detection/build/ssd_detection/build/lib/ssd_detection/utils
copying ssd_detection/utils/ssd_model.py -> /home/seniorcar/Desktop/Yamamoto/ROS2_detection/build/ssd_detection/build/lib/ssd_detection/utils
copying ssd_detection/utils/data_augumentation.py -> /home/seniorcar/Desktop/Yamamoto/ROS2_detection/build/ssd_detection/build/lib/ssd_detection/utils
copying ssd_detection/utils/match.py -> /home/seniorcar/Desktop/Yamamoto/ROS2_detection/build/ssd_detection/build/lib/ssd_detection/utils
copying ssd_detection/utils/__init__.py -> /home/seniorcar/Desktop/Yamamoto/ROS2_detection/build/ssd_detection/build/lib/ssd_detection/utils
copying ssd_detection/utils/ssd_predict_show_split8.py -> /home/seniorcar/Desktop/Yamamoto/ROS2_detection/build/ssd_detection/build/lib/ssd_detection/utils
running install
running install_lib
creating /home/seniorcar/Desktop/Yamamoto/ROS2_detection/install/ssd_detection/lib/python3.6/site-packages/ssd_detection
copying /home/seniorcar/Desktop/Yamamoto/ROS2_detection/build/ssd_detection/build/lib/ssd_detection/ros2_panorama_detection.py -> /home/seniorcar/Desktop/Yamamoto/ROS2_detection/install/ssd_detection/lib/python3.6/site-packages/ssd_detection
copying /home/seniorcar/Desktop/Yamamoto/ROS2_detection/build/ssd_detection/build/lib/ssd_detection/ros2_img_detection.py -> /home/seniorcar/Desktop/Yamamoto/ROS2_detection/install/ssd_detection/lib/python3.6/site-packages/ssd_detection
copying /home/seniorcar/Desktop/Yamamoto/ROS2_detection/build/ssd_detection/build/lib/ssd_detection/__init__.py -> /home/seniorcar/Desktop/Yamamoto/ROS2_detection/install/ssd_detection/lib/python3.6/site-packages/ssd_detection
creating /home/seniorcar/Desktop/Yamamoto/ROS2_detection/install/ssd_detection/lib/python3.6/site-packages/ssd_detection/utils
copying /home/seniorcar/Desktop/Yamamoto/ROS2_detection/build/ssd_detection/build/lib/ssd_detection/utils/ssd_model.py -> /home/seniorcar/Desktop/Yamamoto/ROS2_detection/install/ssd_detection/lib/python3.6/site-packages/ssd_detection/utils
copying /home/seniorcar/Desktop/Yamamoto/ROS2_detection/build/ssd_detection/build/lib/ssd_detection/utils/data_augumentation.py -> /home/seniorcar/Desktop/Yamamoto/ROS2_detection/install/ssd_detection/lib/python3.6/site-packages/ssd_detection/utils
copying /home/seniorcar/Desktop/Yamamoto/ROS2_detection/build/ssd_detection/build/lib/ssd_detection/utils/match.py -> /home/seniorcar/Desktop/Yamamoto/ROS2_detection/install/ssd_detection/lib/python3.6/site-packages/ssd_detection/utils
copying /home/seniorcar/Desktop/Yamamoto/ROS2_detection/build/ssd_detection/build/lib/ssd_detection/utils/__init__.py -> /home/seniorcar/Desktop/Yamamoto/ROS2_detection/install/ssd_detection/lib/python3.6/site-packages/ssd_detection/utils
copying /home/seniorcar/Desktop/Yamamoto/ROS2_detection/build/ssd_detection/build/lib/ssd_detection/utils/ssd_predict_show_split8.py -> /home/seniorcar/Desktop/Yamamoto/ROS2_detection/install/ssd_detection/lib/python3.6/site-packages/ssd_detection/utils
byte-compiling /home/seniorcar/Desktop/Yamamoto/ROS2_detection/install/ssd_detection/lib/python3.6/site-packages/ssd_detection/ros2_panorama_detection.py to ros2_panorama_detection.cpython-36.pyc
byte-compiling /home/seniorcar/Desktop/Yamamoto/ROS2_detection/install/ssd_detection/lib/python3.6/site-packages/ssd_detection/ros2_img_detection.py to ros2_img_detection.cpython-36.pyc
byte-compiling /home/seniorcar/Desktop/Yamamoto/ROS2_detection/install/ssd_detection/lib/python3.6/site-packages/ssd_detection/__init__.py to __init__.cpython-36.pyc
byte-compiling /home/seniorcar/Desktop/Yamamoto/ROS2_detection/install/ssd_detection/lib/python3.6/site-packages/ssd_detection/utils/ssd_model.py to ssd_model.cpython-36.pyc
byte-compiling /home/seniorcar/Desktop/Yamamoto/ROS2_detection/install/ssd_detection/lib/python3.6/site-packages/ssd_detection/utils/data_augumentation.py to data_augumentation.cpython-36.pyc
byte-compiling /home/seniorcar/Desktop/Yamamoto/ROS2_detection/install/ssd_detection/lib/python3.6/site-packages/ssd_detection/utils/match.py to match.cpython-36.pyc
byte-compiling /home/seniorcar/Desktop/Yamamoto/ROS2_detection/install/ssd_detection/lib/python3.6/site-packages/ssd_detection/utils/__init__.py to __init__.cpython-36.pyc
byte-compiling /home/seniorcar/Desktop/Yamamoto/ROS2_detection/install/ssd_detection/lib/python3.6/site-packages/ssd_detection/utils/ssd_predict_show_split8.py to ssd_predict_show_split8.cpython-36.pyc
running install_data
creating /home/seniorcar/Desktop/Yamamoto/ROS2_detection/install/ssd_detection/share/ament_index
creating /home/seniorcar/Desktop/Yamamoto/ROS2_detection/install/ssd_detection/share/ament_index/resource_index
creating /home/seniorcar/Desktop/Yamamoto/ROS2_detection/install/ssd_detection/share/ament_index/resource_index/packages
copying resource/ssd_detection -> /home/seniorcar/Desktop/Yamamoto/ROS2_detection/install/ssd_detection/share/ament_index/resource_index/packages
copying package.xml -> /home/seniorcar/Desktop/Yamamoto/ROS2_detection/install/ssd_detection/share/ssd_detection
running install_egg_info
Copying ../../build/ssd_detection/ssd_detection.egg-info to /home/seniorcar/Desktop/Yamamoto/ROS2_detection/install/ssd_detection/lib/python3.6/site-packages/ssd_detection-0.0.0-py3.6.egg-info
running install_scripts
Installing ssd_detection script to /home/seniorcar/Desktop/Yamamoto/ROS2_detection/install/ssd_detection/lib/ssd_detection
writing list of installed files to '/home/seniorcar/Desktop/Yamamoto/ROS2_detection/build/ssd_detection/install.log'
