[0.638s] Invoking command in '/home/seniorcar/Desktop/Yamamoto/ROS2_detection/src/ssd_detection': PS1=(roswork) \[\e]0;\u@\h: \w\a\]${debian_chroot:+($debian_chroot)}\[\033[01;32m\]\u@\h\[\033[00m\]:\[\033[01;34m\]\w\[\033[00m\]\$ PYTHONPATH=/home/seniorcar/Desktop/Yamamoto/ROS2_detection/install/ssd_detection/lib/python3.6/site-packages:${PYTHONPATH} _OLD_VIRTUAL_PS1=\[\e]0;\u@\h: \w\a\]${debian_chroot:+($debian_chroot)}\[\033[01;32m\]\u@\h\[\033[00m\]:\[\033[01;34m\]\w\[\033[00m\]\$ /usr/bin/python3 setup.py egg_info --egg-base ../../build/ssd_detection build --build-base /home/seniorcar/Desktop/Yamamoto/ROS2_detection/build/ssd_detection/build install --prefix /home/seniorcar/Desktop/Yamamoto/ROS2_detection/install/ssd_detection --record /home/seniorcar/Desktop/Yamamoto/ROS2_detection/build/ssd_detection/install.log --single-version-externally-managed
[0.858s] /home/seniorcar/.local/lib/python3.6/site-packages/setuptools/dist.py:720: UserWarning: Usage of dash-separated 'script-dir' will not be supported in future versions. Please use the underscore name 'script_dir' instead
[0.859s]   % (opt, underscore_opt)
[0.859s] /home/seniorcar/.local/lib/python3.6/site-packages/setuptools/dist.py:720: UserWarning: Usage of dash-separated 'install-scripts' will not be supported in future versions. Please use the underscore name 'install_scripts' instead
[0.859s]   % (opt, underscore_opt)
[0.882s] running egg_info
[0.883s] creating ../../build/ssd_detection/ssd_detection.egg-info
[0.884s] writing ../../build/ssd_detection/ssd_detection.egg-info/PKG-INFO
[0.885s] writing dependency_links to ../../build/ssd_detection/ssd_detection.egg-info/dependency_links.txt
[0.885s] writing entry points to ../../build/ssd_detection/ssd_detection.egg-info/entry_points.txt
[0.885s] writing requirements to ../../build/ssd_detection/ssd_detection.egg-info/requires.txt
[0.885s] writing top-level names to ../../build/ssd_detection/ssd_detection.egg-info/top_level.txt
[0.885s] writing manifest file '../../build/ssd_detection/ssd_detection.egg-info/SOURCES.txt'
[0.886s] reading manifest file '../../build/ssd_detection/ssd_detection.egg-info/SOURCES.txt'
[0.887s] writing manifest file '../../build/ssd_detection/ssd_detection.egg-info/SOURCES.txt'
[0.887s] running build
[0.887s] running build_py
[0.888s] creating /home/seniorcar/Desktop/Yamamoto/ROS2_detection/build/ssd_detection/build
[0.888s] creating /home/seniorcar/Desktop/Yamamoto/ROS2_detection/build/ssd_detection/build/lib
[0.888s] creating /home/seniorcar/Desktop/Yamamoto/ROS2_detection/build/ssd_detection/build/lib/ssd_detection
[0.888s] copying ssd_detection/ros2_panorama_detection.py -> /home/seniorcar/Desktop/Yamamoto/ROS2_detection/build/ssd_detection/build/lib/ssd_detection
[0.888s] copying ssd_detection/ros2_img_detection.py -> /home/seniorcar/Desktop/Yamamoto/ROS2_detection/build/ssd_detection/build/lib/ssd_detection
[0.889s] copying ssd_detection/__init__.py -> /home/seniorcar/Desktop/Yamamoto/ROS2_detection/build/ssd_detection/build/lib/ssd_detection
[0.889s] creating /home/seniorcar/Desktop/Yamamoto/ROS2_detection/build/ssd_detection/build/lib/ssd_detection/utils
[0.889s] copying ssd_detection/utils/ssd_model.py -> /home/seniorcar/Desktop/Yamamoto/ROS2_detection/build/ssd_detection/build/lib/ssd_detection/utils
[0.889s] copying ssd_detection/utils/data_augumentation.py -> /home/seniorcar/Desktop/Yamamoto/ROS2_detection/build/ssd_detection/build/lib/ssd_detection/utils
[0.889s] copying ssd_detection/utils/match.py -> /home/seniorcar/Desktop/Yamamoto/ROS2_detection/build/ssd_detection/build/lib/ssd_detection/utils
[0.889s] copying ssd_detection/utils/__init__.py -> /home/seniorcar/Desktop/Yamamoto/ROS2_detection/build/ssd_detection/build/lib/ssd_detection/utils
[0.889s] copying ssd_detection/utils/ssd_predict_show_split8.py -> /home/seniorcar/Desktop/Yamamoto/ROS2_detection/build/ssd_detection/build/lib/ssd_detection/utils
[0.889s] running install
[0.890s] running install_lib
[0.890s] creating /home/seniorcar/Desktop/Yamamoto/ROS2_detection/install/ssd_detection/lib/python3.6/site-packages/ssd_detection
[0.890s] copying /home/seniorcar/Desktop/Yamamoto/ROS2_detection/build/ssd_detection/build/lib/ssd_detection/ros2_panorama_detection.py -> /home/seniorcar/Desktop/Yamamoto/ROS2_detection/install/ssd_detection/lib/python3.6/site-packages/ssd_detection
[0.890s] copying /home/seniorcar/Desktop/Yamamoto/ROS2_detection/build/ssd_detection/build/lib/ssd_detection/ros2_img_detection.py -> /home/seniorcar/Desktop/Yamamoto/ROS2_detection/install/ssd_detection/lib/python3.6/site-packages/ssd_detection
[0.890s] copying /home/seniorcar/Desktop/Yamamoto/ROS2_detection/build/ssd_detection/build/lib/ssd_detection/__init__.py -> /home/seniorcar/Desktop/Yamamoto/ROS2_detection/install/ssd_detection/lib/python3.6/site-packages/ssd_detection
[0.890s] creating /home/seniorcar/Desktop/Yamamoto/ROS2_detection/install/ssd_detection/lib/python3.6/site-packages/ssd_detection/utils
[0.890s] copying /home/seniorcar/Desktop/Yamamoto/ROS2_detection/build/ssd_detection/build/lib/ssd_detection/utils/ssd_model.py -> /home/seniorcar/Desktop/Yamamoto/ROS2_detection/install/ssd_detection/lib/python3.6/site-packages/ssd_detection/utils
[0.890s] copying /home/seniorcar/Desktop/Yamamoto/ROS2_detection/build/ssd_detection/build/lib/ssd_detection/utils/data_augumentation.py -> /home/seniorcar/Desktop/Yamamoto/ROS2_detection/install/ssd_detection/lib/python3.6/site-packages/ssd_detection/utils
[0.890s] copying /home/seniorcar/Desktop/Yamamoto/ROS2_detection/build/ssd_detection/build/lib/ssd_detection/utils/match.py -> /home/seniorcar/Desktop/Yamamoto/ROS2_detection/install/ssd_detection/lib/python3.6/site-packages/ssd_detection/utils
[0.890s] copying /home/seniorcar/Desktop/Yamamoto/ROS2_detection/build/ssd_detection/build/lib/ssd_detection/utils/__init__.py -> /home/seniorcar/Desktop/Yamamoto/ROS2_detection/install/ssd_detection/lib/python3.6/site-packages/ssd_detection/utils
[0.890s] copying /home/seniorcar/Desktop/Yamamoto/ROS2_detection/build/ssd_detection/build/lib/ssd_detection/utils/ssd_predict_show_split8.py -> /home/seniorcar/Desktop/Yamamoto/ROS2_detection/install/ssd_detection/lib/python3.6/site-packages/ssd_detection/utils
[0.890s] byte-compiling /home/seniorcar/Desktop/Yamamoto/ROS2_detection/install/ssd_detection/lib/python3.6/site-packages/ssd_detection/ros2_panorama_detection.py to ros2_panorama_detection.cpython-36.pyc
[0.891s] byte-compiling /home/seniorcar/Desktop/Yamamoto/ROS2_detection/install/ssd_detection/lib/python3.6/site-packages/ssd_detection/ros2_img_detection.py to ros2_img_detection.cpython-36.pyc
[0.891s] byte-compiling /home/seniorcar/Desktop/Yamamoto/ROS2_detection/install/ssd_detection/lib/python3.6/site-packages/ssd_detection/__init__.py to __init__.cpython-36.pyc
[0.892s] byte-compiling /home/seniorcar/Desktop/Yamamoto/ROS2_detection/install/ssd_detection/lib/python3.6/site-packages/ssd_detection/utils/ssd_model.py to ssd_model.cpython-36.pyc
[0.895s] byte-compiling /home/seniorcar/Desktop/Yamamoto/ROS2_detection/install/ssd_detection/lib/python3.6/site-packages/ssd_detection/utils/data_augumentation.py to data_augumentation.cpython-36.pyc
[0.897s] byte-compiling /home/seniorcar/Desktop/Yamamoto/ROS2_detection/install/ssd_detection/lib/python3.6/site-packages/ssd_detection/utils/match.py to match.cpython-36.pyc
[0.897s] byte-compiling /home/seniorcar/Desktop/Yamamoto/ROS2_detection/install/ssd_detection/lib/python3.6/site-packages/ssd_detection/utils/__init__.py to __init__.cpython-36.pyc
[0.898s] byte-compiling /home/seniorcar/Desktop/Yamamoto/ROS2_detection/install/ssd_detection/lib/python3.6/site-packages/ssd_detection/utils/ssd_predict_show_split8.py to ssd_predict_show_split8.cpython-36.pyc
[0.898s] running install_data
[0.899s] creating /home/seniorcar/Desktop/Yamamoto/ROS2_detection/install/ssd_detection/share/ament_index
[0.899s] creating /home/seniorcar/Desktop/Yamamoto/ROS2_detection/install/ssd_detection/share/ament_index/resource_index
[0.899s] creating /home/seniorcar/Desktop/Yamamoto/ROS2_detection/install/ssd_detection/share/ament_index/resource_index/packages
[0.899s] copying resource/ssd_detection -> /home/seniorcar/Desktop/Yamamoto/ROS2_detection/install/ssd_detection/share/ament_index/resource_index/packages
[0.899s] copying package.xml -> /home/seniorcar/Desktop/Yamamoto/ROS2_detection/install/ssd_detection/share/ssd_detection
[0.900s] running install_egg_info
[0.901s] Copying ../../build/ssd_detection/ssd_detection.egg-info to /home/seniorcar/Desktop/Yamamoto/ROS2_detection/install/ssd_detection/lib/python3.6/site-packages/ssd_detection-0.0.0-py3.6.egg-info
[0.902s] running install_scripts
[0.919s] Installing ssd_detection script to /home/seniorcar/Desktop/Yamamoto/ROS2_detection/install/ssd_detection/lib/ssd_detection
[0.919s] writing list of installed files to '/home/seniorcar/Desktop/Yamamoto/ROS2_detection/build/ssd_detection/install.log'
[0.967s] Invoked command in '/home/seniorcar/Desktop/Yamamoto/ROS2_detection/src/ssd_detection' returned '0': PS1=(roswork) \[\e]0;\u@\h: \w\a\]${debian_chroot:+($debian_chroot)}\[\033[01;32m\]\u@\h\[\033[00m\]:\[\033[01;34m\]\w\[\033[00m\]\$ PYTHONPATH=/home/seniorcar/Desktop/Yamamoto/ROS2_detection/install/ssd_detection/lib/python3.6/site-packages:${PYTHONPATH} _OLD_VIRTUAL_PS1=\[\e]0;\u@\h: \w\a\]${debian_chroot:+($debian_chroot)}\[\033[01;32m\]\u@\h\[\033[00m\]:\[\033[01;34m\]\w\[\033[00m\]\$ /usr/bin/python3 setup.py egg_info --egg-base ../../build/ssd_detection build --build-base /home/seniorcar/Desktop/Yamamoto/ROS2_detection/build/ssd_detection/build install --prefix /home/seniorcar/Desktop/Yamamoto/ROS2_detection/install/ssd_detection --record /home/seniorcar/Desktop/Yamamoto/ROS2_detection/build/ssd_detection/install.log --single-version-externally-managed
