[0.328s] DEBUG:colcon:Command line arguments: ['/usr/bin/colcon', 'build']
[0.328s] DEBUG:colcon:Parsed command line arguments: Namespace(ament_cmake_args=None, base_paths=['.'], build_base='build', catkin_cmake_args=None, catkin_skip_building_tests=False, cmake_args=None, cmake_clean_cache=False, cmake_clean_first=False, cmake_force_configure=False, cmake_target=None, cmake_target_skip_unavailable=False, continue_on_error=False, event_handlers=None, executor='parallel', ignore_user_meta=False, install_base='install', log_base=None, log_level=None, main=<bound method BuildVerb.main of <colcon_core.verb.build.BuildVerb object at 0x7f7336e76668>>, merge_install=False, metas=['./colcon.meta'], packages_above=None, packages_above_and_dependencies=None, packages_above_depth=None, packages_end=None, packages_ignore=None, packages_ignore_regex=None, packages_select=None, packages_select_build_failed=False, packages_select_by_dep=None, packages_select_regex=None, packages_select_test_failures=False, packages_skip=None, packages_skip_build_finished=False, packages_skip_by_dep=None, packages_skip_regex=None, packages_skip_test_passed=False, packages_skip_up_to=None, packages_start=None, packages_up_to=None, packages_up_to_regex=None, parallel_workers=16, paths=None, symlink_install=False, test_result_base=None, verb_extension=<colcon_core.verb.build.BuildVerb object at 0x7f7336e76668>, verb_name='build', verb_parser=<colcon_defaults.argument_parser.defaults.DefaultArgumentsDecorator object at 0x7f7336e769b0>)
[0.341s] Level 1:colcon.colcon_core.package_discovery:discover_packages(colcon_meta) check parameters
[0.342s] Level 1:colcon.colcon_core.package_discovery:discover_packages(recursive) check parameters
[0.342s] Level 1:colcon.colcon_core.package_discovery:discover_packages(ignore) check parameters
[0.342s] Level 1:colcon.colcon_core.package_discovery:discover_packages(path) check parameters
[0.342s] Level 1:colcon.colcon_core.package_discovery:discover_packages(colcon_meta) discover
[0.342s] Level 1:colcon.colcon_core.package_discovery:discover_packages(recursive) discover
[0.342s] INFO:colcon.colcon_core.package_discovery:Crawling recursively for packages in '/home/seniorcar/Desktop/Yamamoto/ROS2_detection'
[0.342s] Level 1:colcon.colcon_core.package_identification:_identify(.) by extensions ['ignore', 'ignore_ament_install']
[0.342s] Level 1:colcon.colcon_core.package_identification:_identify(.) by extension 'ignore'
[0.342s] Level 1:colcon.colcon_core.package_identification:_identify(.) by extension 'ignore_ament_install'
[0.342s] Level 1:colcon.colcon_core.package_identification:_identify(.) by extensions ['colcon_pkg']
[0.342s] Level 1:colcon.colcon_core.package_identification:_identify(.) by extension 'colcon_pkg'
[0.342s] Level 1:colcon.colcon_core.package_identification:_identify(.) by extensions ['colcon_meta']
[0.342s] Level 1:colcon.colcon_core.package_identification:_identify(.) by extension 'colcon_meta'
[0.342s] Level 1:colcon.colcon_core.package_identification:_identify(.) by extensions ['ros']
[0.342s] Level 1:colcon.colcon_core.package_identification:_identify(.) by extension 'ros'
[0.351s] Level 1:colcon.colcon_core.package_identification:_identify(.) by extensions ['cmake', 'python']
[0.351s] Level 1:colcon.colcon_core.package_identification:_identify(.) by extension 'cmake'
[0.351s] Level 1:colcon.colcon_core.package_identification:_identify(.) by extension 'python'
[0.351s] Level 1:colcon.colcon_core.package_identification:_identify(.) by extensions ['python_setup_py']
[0.351s] Level 1:colcon.colcon_core.package_identification:_identify(.) by extension 'python_setup_py'
[0.351s] Level 1:colcon.colcon_core.package_identification:_identify(build) by extensions ['ignore', 'ignore_ament_install']
[0.352s] Level 1:colcon.colcon_core.package_identification:_identify(build) by extension 'ignore'
[0.352s] Level 1:colcon.colcon_core.package_identification:_identify(build) ignored
[0.352s] Level 1:colcon.colcon_core.package_identification:_identify(install) by extensions ['ignore', 'ignore_ament_install']
[0.352s] Level 1:colcon.colcon_core.package_identification:_identify(install) by extension 'ignore'
[0.352s] Level 1:colcon.colcon_core.package_identification:_identify(install) ignored
[0.352s] Level 1:colcon.colcon_core.package_identification:_identify(log) by extensions ['ignore', 'ignore_ament_install']
[0.352s] Level 1:colcon.colcon_core.package_identification:_identify(log) by extension 'ignore'
[0.352s] Level 1:colcon.colcon_core.package_identification:_identify(log) ignored
[0.352s] Level 1:colcon.colcon_core.package_identification:_identify(src) by extensions ['ignore', 'ignore_ament_install']
[0.352s] Level 1:colcon.colcon_core.package_identification:_identify(src) by extension 'ignore'
[0.352s] Level 1:colcon.colcon_core.package_identification:_identify(src) by extension 'ignore_ament_install'
[0.352s] Level 1:colcon.colcon_core.package_identification:_identify(src) by extensions ['colcon_pkg']
[0.352s] Level 1:colcon.colcon_core.package_identification:_identify(src) by extension 'colcon_pkg'
[0.352s] Level 1:colcon.colcon_core.package_identification:_identify(src) by extensions ['colcon_meta']
[0.352s] Level 1:colcon.colcon_core.package_identification:_identify(src) by extension 'colcon_meta'
[0.352s] Level 1:colcon.colcon_core.package_identification:_identify(src) by extensions ['ros']
[0.353s] Level 1:colcon.colcon_core.package_identification:_identify(src) by extension 'ros'
[0.353s] Level 1:colcon.colcon_core.package_identification:_identify(src) by extensions ['cmake', 'python']
[0.353s] Level 1:colcon.colcon_core.package_identification:_identify(src) by extension 'cmake'
[0.353s] Level 1:colcon.colcon_core.package_identification:_identify(src) by extension 'python'
[0.353s] Level 1:colcon.colcon_core.package_identification:_identify(src) by extensions ['python_setup_py']
[0.353s] Level 1:colcon.colcon_core.package_identification:_identify(src) by extension 'python_setup_py'
[0.353s] Level 1:colcon.colcon_core.package_identification:_identify(src/mb1ssd_detection) by extensions ['ignore', 'ignore_ament_install']
[0.353s] Level 1:colcon.colcon_core.package_identification:_identify(src/mb1ssd_detection) by extension 'ignore'
[0.353s] Level 1:colcon.colcon_core.package_identification:_identify(src/mb1ssd_detection) by extension 'ignore_ament_install'
[0.353s] Level 1:colcon.colcon_core.package_identification:_identify(src/mb1ssd_detection) by extensions ['colcon_pkg']
[0.353s] Level 1:colcon.colcon_core.package_identification:_identify(src/mb1ssd_detection) by extension 'colcon_pkg'
[0.353s] Level 1:colcon.colcon_core.package_identification:_identify(src/mb1ssd_detection) by extensions ['colcon_meta']
[0.353s] Level 1:colcon.colcon_core.package_identification:_identify(src/mb1ssd_detection) by extension 'colcon_meta'
[0.353s] Level 1:colcon.colcon_core.package_identification:_identify(src/mb1ssd_detection) by extensions ['ros']
[0.353s] Level 1:colcon.colcon_core.package_identification:_identify(src/mb1ssd_detection) by extension 'ros'
[0.356s] DEBUG:colcon.colcon_core.package_identification:Package 'src/mb1ssd_detection' with type 'ros.ament_python' and name 'mb1ssd_detection'
[0.356s] Level 1:colcon.colcon_core.package_identification:_identify(src/ssd_detection) by extensions ['ignore', 'ignore_ament_install']
[0.356s] Level 1:colcon.colcon_core.package_identification:_identify(src/ssd_detection) by extension 'ignore'
[0.356s] Level 1:colcon.colcon_core.package_identification:_identify(src/ssd_detection) by extension 'ignore_ament_install'
[0.356s] Level 1:colcon.colcon_core.package_identification:_identify(src/ssd_detection) by extensions ['colcon_pkg']
[0.356s] Level 1:colcon.colcon_core.package_identification:_identify(src/ssd_detection) by extension 'colcon_pkg'
[0.356s] Level 1:colcon.colcon_core.package_identification:_identify(src/ssd_detection) by extensions ['colcon_meta']
[0.356s] Level 1:colcon.colcon_core.package_identification:_identify(src/ssd_detection) by extension 'colcon_meta'
[0.356s] Level 1:colcon.colcon_core.package_identification:_identify(src/ssd_detection) by extensions ['ros']
[0.356s] Level 1:colcon.colcon_core.package_identification:_identify(src/ssd_detection) by extension 'ros'
[0.357s] DEBUG:colcon.colcon_core.package_identification:Package 'src/ssd_detection' with type 'ros.ament_python' and name 'ssd_detection'
[0.357s] Level 1:colcon.colcon_core.package_discovery:discover_packages(recursive) using defaults
[0.357s] Level 1:colcon.colcon_core.package_discovery:discover_packages(ignore) discover
[0.357s] Level 1:colcon.colcon_core.package_discovery:discover_packages(ignore) using defaults
[0.357s] Level 1:colcon.colcon_core.package_discovery:discover_packages(path) discover
[0.357s] Level 1:colcon.colcon_core.package_discovery:discover_packages(path) using defaults
[0.387s] Level 5:colcon.colcon_core.verb:set package 'mb1ssd_detection' build argument 'cmake_args' from command line to 'None'
[0.387s] Level 5:colcon.colcon_core.verb:set package 'mb1ssd_detection' build argument 'cmake_target' from command line to 'None'
[0.387s] Level 5:colcon.colcon_core.verb:set package 'mb1ssd_detection' build argument 'cmake_target_skip_unavailable' from command line to 'False'
[0.387s] Level 5:colcon.colcon_core.verb:set package 'mb1ssd_detection' build argument 'cmake_clean_cache' from command line to 'False'
[0.387s] Level 5:colcon.colcon_core.verb:set package 'mb1ssd_detection' build argument 'cmake_clean_first' from command line to 'False'
[0.387s] Level 5:colcon.colcon_core.verb:set package 'mb1ssd_detection' build argument 'cmake_force_configure' from command line to 'False'
[0.387s] Level 5:colcon.colcon_core.verb:set package 'mb1ssd_detection' build argument 'ament_cmake_args' from command line to 'None'
[0.387s] Level 5:colcon.colcon_core.verb:set package 'mb1ssd_detection' build argument 'catkin_cmake_args' from command line to 'None'
[0.387s] Level 5:colcon.colcon_core.verb:set package 'mb1ssd_detection' build argument 'catkin_skip_building_tests' from command line to 'False'
[0.387s] DEBUG:colcon.colcon_core.verb:Building package 'mb1ssd_detection' with the following arguments: {'ament_cmake_args': None, 'build_base': '/home/seniorcar/Desktop/Yamamoto/ROS2_detection/build/mb1ssd_detection', 'catkin_cmake_args': None, 'catkin_skip_building_tests': False, 'cmake_args': None, 'cmake_clean_cache': False, 'cmake_clean_first': False, 'cmake_force_configure': False, 'cmake_target': None, 'cmake_target_skip_unavailable': False, 'install_base': '/home/seniorcar/Desktop/Yamamoto/ROS2_detection/install/mb1ssd_detection', 'merge_install': False, 'path': '/home/seniorcar/Desktop/Yamamoto/ROS2_detection/src/mb1ssd_detection', 'symlink_install': False, 'test_result_base': None}
[0.390s] Level 5:colcon.colcon_core.verb:set package 'ssd_detection' build argument 'cmake_args' from command line to 'None'
[0.390s] Level 5:colcon.colcon_core.verb:set package 'ssd_detection' build argument 'cmake_target' from command line to 'None'
[0.390s] Level 5:colcon.colcon_core.verb:set package 'ssd_detection' build argument 'cmake_target_skip_unavailable' from command line to 'False'
[0.390s] Level 5:colcon.colcon_core.verb:set package 'ssd_detection' build argument 'cmake_clean_cache' from command line to 'False'
[0.390s] Level 5:colcon.colcon_core.verb:set package 'ssd_detection' build argument 'cmake_clean_first' from command line to 'False'
[0.390s] Level 5:colcon.colcon_core.verb:set package 'ssd_detection' build argument 'cmake_force_configure' from command line to 'False'
[0.390s] Level 5:colcon.colcon_core.verb:set package 'ssd_detection' build argument 'ament_cmake_args' from command line to 'None'
[0.390s] Level 5:colcon.colcon_core.verb:set package 'ssd_detection' build argument 'catkin_cmake_args' from command line to 'None'
[0.390s] Level 5:colcon.colcon_core.verb:set package 'ssd_detection' build argument 'catkin_skip_building_tests' from command line to 'False'
[0.390s] DEBUG:colcon.colcon_core.verb:Building package 'ssd_detection' with the following arguments: {'ament_cmake_args': None, 'build_base': '/home/seniorcar/Desktop/Yamamoto/ROS2_detection/build/ssd_detection', 'catkin_cmake_args': None, 'catkin_skip_building_tests': False, 'cmake_args': None, 'cmake_clean_cache': False, 'cmake_clean_first': False, 'cmake_force_configure': False, 'cmake_target': None, 'cmake_target_skip_unavailable': False, 'install_base': '/home/seniorcar/Desktop/Yamamoto/ROS2_detection/install/ssd_detection', 'merge_install': False, 'path': '/home/seniorcar/Desktop/Yamamoto/ROS2_detection/src/ssd_detection', 'symlink_install': False, 'test_result_base': None}
[0.391s] INFO:colcon.colcon_core.executor:Executing jobs using 'parallel' executor
[0.393s] DEBUG:colcon.colcon_parallel_executor.executor.parallel:run_until_complete
[0.393s] INFO:colcon.colcon_ros.task.ament_python.build:Building ROS package in '/home/seniorcar/Desktop/Yamamoto/ROS2_detection/src/mb1ssd_detection' with build type 'ament_python'
[0.393s] Level 1:colcon.colcon_core.shell:create_environment_hook('mb1ssd_detection', 'ament_prefix_path')
[0.398s] INFO:colcon.colcon_core.plugin_system:Skipping extension 'colcon_core.shell.bat': Not used on non-Windows systems
[0.398s] INFO:colcon.colcon_core.shell:Creating environment hook '/home/seniorcar/Desktop/Yamamoto/ROS2_detection/install/mb1ssd_detection/share/mb1ssd_detection/hook/ament_prefix_path.ps1'
[0.398s] INFO:colcon.colcon_core.shell:Creating environment descriptor '/home/seniorcar/Desktop/Yamamoto/ROS2_detection/install/mb1ssd_detection/share/mb1ssd_detection/hook/ament_prefix_path.dsv'
[0.399s] INFO:colcon.colcon_core.shell:Creating environment hook '/home/seniorcar/Desktop/Yamamoto/ROS2_detection/install/mb1ssd_detection/share/mb1ssd_detection/hook/ament_prefix_path.sh'
[0.399s] INFO:colcon.colcon_core.shell:Skip shell extension 'powershell' for command environment: Not usable outside of PowerShell
[0.399s] DEBUG:colcon.colcon_core.shell:Skip shell extension 'dsv' for command environment
[0.408s] DEBUG:colcon.colcon_core.shell:Ignoring prefix path '/opt/ros/dashing'
[0.409s] DEBUG:colcon.colcon_core.shell:Ignoring prefix path '/home/seniorcar/ros_ws/devel'
[0.409s] DEBUG:colcon.colcon_core.shell:Ignoring prefix path '/opt/ros/melodic'
[0.411s] INFO:colcon.colcon_ros.task.ament_python.build:Building ROS package in '/home/seniorcar/Desktop/Yamamoto/ROS2_detection/src/ssd_detection' with build type 'ament_python'
[0.412s] Level 1:colcon.colcon_core.shell:create_environment_hook('ssd_detection', 'ament_prefix_path')
[0.413s] INFO:colcon.colcon_core.shell:Creating environment hook '/home/seniorcar/Desktop/Yamamoto/ROS2_detection/install/ssd_detection/share/ssd_detection/hook/ament_prefix_path.ps1'
[0.413s] INFO:colcon.colcon_core.shell:Creating environment descriptor '/home/seniorcar/Desktop/Yamamoto/ROS2_detection/install/ssd_detection/share/ssd_detection/hook/ament_prefix_path.dsv'
[0.414s] INFO:colcon.colcon_core.shell:Creating environment hook '/home/seniorcar/Desktop/Yamamoto/ROS2_detection/install/ssd_detection/share/ssd_detection/hook/ament_prefix_path.sh'
[0.415s] INFO:colcon.colcon_core.shell:Skip shell extension 'powershell' for command environment: Not usable outside of PowerShell
[0.415s] DEBUG:colcon.colcon_core.shell:Skip shell extension 'dsv' for command environment
[0.423s] DEBUG:colcon.colcon_core.shell:Ignoring prefix path '/opt/ros/dashing'
[0.423s] DEBUG:colcon.colcon_core.shell:Ignoring prefix path '/home/seniorcar/ros_ws/devel'
[0.423s] DEBUG:colcon.colcon_core.shell:Ignoring prefix path '/opt/ros/melodic'
[0.720s] INFO:colcon.colcon_core.task.python.build:Building Python package in '/home/seniorcar/Desktop/Yamamoto/ROS2_detection/src/mb1ssd_detection'
[0.721s] INFO:colcon.colcon_core.shell:Skip shell extension 'powershell' for command environment: Not usable outside of PowerShell
[0.721s] DEBUG:colcon.colcon_core.shell:Skip shell extension 'dsv' for command environment
[0.729s] DEBUG:colcon.colcon_core.shell:Ignoring prefix path '/opt/ros/dashing'
[0.729s] DEBUG:colcon.colcon_core.shell:Ignoring prefix path '/home/seniorcar/ros_ws/devel'
[0.729s] DEBUG:colcon.colcon_core.shell:Ignoring prefix path '/opt/ros/melodic'
[1.023s] INFO:colcon.colcon_core.task.python.build:Building Python package in '/home/seniorcar/Desktop/Yamamoto/ROS2_detection/src/ssd_detection'
[1.025s] INFO:colcon.colcon_core.shell:Skip shell extension 'powershell' for command environment: Not usable outside of PowerShell
[1.025s] DEBUG:colcon.colcon_core.shell:Skip shell extension 'dsv' for command environment
[1.032s] DEBUG:colcon.colcon_core.shell:Ignoring prefix path '/opt/ros/dashing'
[1.033s] DEBUG:colcon.colcon_core.shell:Ignoring prefix path '/home/seniorcar/ros_ws/devel'
[1.033s] DEBUG:colcon.colcon_core.shell:Ignoring prefix path '/opt/ros/melodic'
[1.039s] DEBUG:colcon.colcon_core.event_handler.log_command:Invoking command in '/home/seniorcar/Desktop/Yamamoto/ROS2_detection/src/mb1ssd_detection': PS1=(roswork) \[\e]0;\u@\h: \w\a\]${debian_chroot:+($debian_chroot)}\[\033[01;32m\]\u@\h\[\033[00m\]:\[\033[01;34m\]\w\[\033[00m\]\$ PYTHONPATH=/home/seniorcar/Desktop/Yamamoto/ROS2_detection/install/mb1ssd_detection/lib/python3.6/site-packages:${PYTHONPATH} _OLD_VIRTUAL_PS1=\[\e]0;\u@\h: \w\a\]${debian_chroot:+($debian_chroot)}\[\033[01;32m\]\u@\h\[\033[00m\]:\[\033[01;34m\]\w\[\033[00m\]\$ /usr/bin/python3 setup.py egg_info --egg-base ../../build/mb1ssd_detection build --build-base /home/seniorcar/Desktop/Yamamoto/ROS2_detection/build/mb1ssd_detection/build install --prefix /home/seniorcar/Desktop/Yamamoto/ROS2_detection/install/mb1ssd_detection --record /home/seniorcar/Desktop/Yamamoto/ROS2_detection/build/mb1ssd_detection/install.log --single-version-externally-managed
[1.049s] DEBUG:colcon.colcon_core.event_handler.log_command:Invoking command in '/home/seniorcar/Desktop/Yamamoto/ROS2_detection/src/ssd_detection': PS1=(roswork) \[\e]0;\u@\h: \w\a\]${debian_chroot:+($debian_chroot)}\[\033[01;32m\]\u@\h\[\033[00m\]:\[\033[01;34m\]\w\[\033[00m\]\$ PYTHONPATH=/home/seniorcar/Desktop/Yamamoto/ROS2_detection/install/ssd_detection/lib/python3.6/site-packages:${PYTHONPATH} _OLD_VIRTUAL_PS1=\[\e]0;\u@\h: \w\a\]${debian_chroot:+($debian_chroot)}\[\033[01;32m\]\u@\h\[\033[00m\]:\[\033[01;34m\]\w\[\033[00m\]\$ /usr/bin/python3 setup.py egg_info --egg-base ../../build/ssd_detection build --build-base /home/seniorcar/Desktop/Yamamoto/ROS2_detection/build/ssd_detection/build install --prefix /home/seniorcar/Desktop/Yamamoto/ROS2_detection/install/ssd_detection --record /home/seniorcar/Desktop/Yamamoto/ROS2_detection/build/ssd_detection/install.log --single-version-externally-managed
[1.359s] DEBUG:colcon.colcon_core.event_handler.log_command:Invoked command in '/home/seniorcar/Desktop/Yamamoto/ROS2_detection/src/mb1ssd_detection' returned '0': PS1=(roswork) \[\e]0;\u@\h: \w\a\]${debian_chroot:+($debian_chroot)}\[\033[01;32m\]\u@\h\[\033[00m\]:\[\033[01;34m\]\w\[\033[00m\]\$ PYTHONPATH=/home/seniorcar/Desktop/Yamamoto/ROS2_detection/install/mb1ssd_detection/lib/python3.6/site-packages:${PYTHONPATH} _OLD_VIRTUAL_PS1=\[\e]0;\u@\h: \w\a\]${debian_chroot:+($debian_chroot)}\[\033[01;32m\]\u@\h\[\033[00m\]:\[\033[01;34m\]\w\[\033[00m\]\$ /usr/bin/python3 setup.py egg_info --egg-base ../../build/mb1ssd_detection build --build-base /home/seniorcar/Desktop/Yamamoto/ROS2_detection/build/mb1ssd_detection/build install --prefix /home/seniorcar/Desktop/Yamamoto/ROS2_detection/install/mb1ssd_detection --record /home/seniorcar/Desktop/Yamamoto/ROS2_detection/build/mb1ssd_detection/install.log --single-version-externally-managed
[1.368s] Level 1:colcon.colcon_core.environment:checking '/home/seniorcar/Desktop/Yamamoto/ROS2_detection/install/mb1ssd_detection' for CMake module files
[1.369s] Level 1:colcon.colcon_core.environment:checking '/home/seniorcar/Desktop/Yamamoto/ROS2_detection/install/mb1ssd_detection' for CMake config files
[1.369s] Level 1:colcon.colcon_core.environment:checking '/home/seniorcar/Desktop/Yamamoto/ROS2_detection/install/mb1ssd_detection/lib'
[1.370s] Level 1:colcon.colcon_core.environment:checking '/home/seniorcar/Desktop/Yamamoto/ROS2_detection/install/mb1ssd_detection/bin'
[1.370s] Level 1:colcon.colcon_core.environment:checking '/home/seniorcar/Desktop/Yamamoto/ROS2_detection/install/mb1ssd_detection/lib/pkgconfig/mb1ssd_detection.pc'
[1.370s] Level 1:colcon.colcon_core.environment:checking '/home/seniorcar/Desktop/Yamamoto/ROS2_detection/install/mb1ssd_detection/lib/python3.6/site-packages'
[1.370s] Level 1:colcon.colcon_core.shell:create_environment_hook('mb1ssd_detection', 'pythonpath')
[1.370s] INFO:colcon.colcon_core.shell:Creating environment hook '/home/seniorcar/Desktop/Yamamoto/ROS2_detection/install/mb1ssd_detection/share/mb1ssd_detection/hook/pythonpath.ps1'
[1.371s] INFO:colcon.colcon_core.shell:Creating environment descriptor '/home/seniorcar/Desktop/Yamamoto/ROS2_detection/install/mb1ssd_detection/share/mb1ssd_detection/hook/pythonpath.dsv'
[1.371s] INFO:colcon.colcon_core.shell:Creating environment hook '/home/seniorcar/Desktop/Yamamoto/ROS2_detection/install/mb1ssd_detection/share/mb1ssd_detection/hook/pythonpath.sh'
[1.371s] Level 1:colcon.colcon_core.environment:create_environment_scripts_only(mb1ssd_detection)
[1.372s] INFO:colcon.colcon_core.shell:Creating package script '/home/seniorcar/Desktop/Yamamoto/ROS2_detection/install/mb1ssd_detection/share/mb1ssd_detection/package.ps1'
[1.373s] INFO:colcon.colcon_core.shell:Creating package descriptor '/home/seniorcar/Desktop/Yamamoto/ROS2_detection/install/mb1ssd_detection/share/mb1ssd_detection/package.dsv'
[1.373s] INFO:colcon.colcon_core.shell:Creating package script '/home/seniorcar/Desktop/Yamamoto/ROS2_detection/install/mb1ssd_detection/share/mb1ssd_detection/package.sh'
[1.374s] INFO:colcon.colcon_core.shell:Creating package script '/home/seniorcar/Desktop/Yamamoto/ROS2_detection/install/mb1ssd_detection/share/mb1ssd_detection/package.bash'
[1.374s] INFO:colcon.colcon_core.shell:Creating package script '/home/seniorcar/Desktop/Yamamoto/ROS2_detection/install/mb1ssd_detection/share/mb1ssd_detection/package.zsh'
[1.374s] Level 1:colcon.colcon_core.environment:create_file_with_runtime_dependencies(/home/seniorcar/Desktop/Yamamoto/ROS2_detection/install/mb1ssd_detection/share/colcon-core/packages/mb1ssd_detection)
[1.377s] Level 1:colcon.colcon_core.environment:checking '/home/seniorcar/Desktop/Yamamoto/ROS2_detection/install/ssd_detection' for CMake module files
[1.378s] DEBUG:colcon.colcon_core.event_handler.log_command:Invoked command in '/home/seniorcar/Desktop/Yamamoto/ROS2_detection/src/ssd_detection' returned '0': PS1=(roswork) \[\e]0;\u@\h: \w\a\]${debian_chroot:+($debian_chroot)}\[\033[01;32m\]\u@\h\[\033[00m\]:\[\033[01;34m\]\w\[\033[00m\]\$ PYTHONPATH=/home/seniorcar/Desktop/Yamamoto/ROS2_detection/install/ssd_detection/lib/python3.6/site-packages:${PYTHONPATH} _OLD_VIRTUAL_PS1=\[\e]0;\u@\h: \w\a\]${debian_chroot:+($debian_chroot)}\[\033[01;32m\]\u@\h\[\033[00m\]:\[\033[01;34m\]\w\[\033[00m\]\$ /usr/bin/python3 setup.py egg_info --egg-base ../../build/ssd_detection build --build-base /home/seniorcar/Desktop/Yamamoto/ROS2_detection/build/ssd_detection/build install --prefix /home/seniorcar/Desktop/Yamamoto/ROS2_detection/install/ssd_detection --record /home/seniorcar/Desktop/Yamamoto/ROS2_detection/build/ssd_detection/install.log --single-version-externally-managed
[1.378s] Level 1:colcon.colcon_core.environment:checking '/home/seniorcar/Desktop/Yamamoto/ROS2_detection/install/ssd_detection' for CMake config files
[1.379s] Level 1:colcon.colcon_core.environment:checking '/home/seniorcar/Desktop/Yamamoto/ROS2_detection/install/ssd_detection/lib'
[1.379s] Level 1:colcon.colcon_core.environment:checking '/home/seniorcar/Desktop/Yamamoto/ROS2_detection/install/ssd_detection/bin'
[1.379s] Level 1:colcon.colcon_core.environment:checking '/home/seniorcar/Desktop/Yamamoto/ROS2_detection/install/ssd_detection/lib/pkgconfig/ssd_detection.pc'
[1.379s] Level 1:colcon.colcon_core.environment:checking '/home/seniorcar/Desktop/Yamamoto/ROS2_detection/install/ssd_detection/lib/python3.6/site-packages'
[1.379s] Level 1:colcon.colcon_core.shell:create_environment_hook('ssd_detection', 'pythonpath')
[1.379s] INFO:colcon.colcon_core.shell:Creating environment hook '/home/seniorcar/Desktop/Yamamoto/ROS2_detection/install/ssd_detection/share/ssd_detection/hook/pythonpath.ps1'
[1.380s] INFO:colcon.colcon_core.shell:Creating environment descriptor '/home/seniorcar/Desktop/Yamamoto/ROS2_detection/install/ssd_detection/share/ssd_detection/hook/pythonpath.dsv'
[1.380s] INFO:colcon.colcon_core.shell:Creating environment hook '/home/seniorcar/Desktop/Yamamoto/ROS2_detection/install/ssd_detection/share/ssd_detection/hook/pythonpath.sh'
[1.380s] Level 1:colcon.colcon_core.environment:create_environment_scripts_only(ssd_detection)
[1.381s] INFO:colcon.colcon_core.shell:Creating package script '/home/seniorcar/Desktop/Yamamoto/ROS2_detection/install/ssd_detection/share/ssd_detection/package.ps1'
[1.382s] INFO:colcon.colcon_core.shell:Creating package descriptor '/home/seniorcar/Desktop/Yamamoto/ROS2_detection/install/ssd_detection/share/ssd_detection/package.dsv'
[1.382s] INFO:colcon.colcon_core.shell:Creating package script '/home/seniorcar/Desktop/Yamamoto/ROS2_detection/install/ssd_detection/share/ssd_detection/package.sh'
[1.382s] INFO:colcon.colcon_core.shell:Creating package script '/home/seniorcar/Desktop/Yamamoto/ROS2_detection/install/ssd_detection/share/ssd_detection/package.bash'
[1.382s] INFO:colcon.colcon_core.shell:Creating package script '/home/seniorcar/Desktop/Yamamoto/ROS2_detection/install/ssd_detection/share/ssd_detection/package.zsh'
[1.382s] Level 1:colcon.colcon_core.environment:create_file_with_runtime_dependencies(/home/seniorcar/Desktop/Yamamoto/ROS2_detection/install/ssd_detection/share/colcon-core/packages/ssd_detection)
[1.383s] DEBUG:colcon.colcon_parallel_executor.executor.parallel:closing loop
[1.383s] DEBUG:colcon.colcon_parallel_executor.executor.parallel:loop closed
[1.383s] DEBUG:colcon.colcon_parallel_executor.executor.parallel:run_until_complete finished with '0'
[1.383s] DEBUG:colcon.colcon_core.event_reactor:joining thread
[1.396s] INFO:colcon.colcon_core.plugin_system:Skipping extension 'colcon_notification.desktop_notification.terminal_notifier': Not used on non-Darwin systems
[1.396s] INFO:colcon.colcon_core.plugin_system:Skipping extension 'colcon_notification.desktop_notification.win32': Not used on non-Windows systems
[1.396s] INFO:colcon.colcon_notification.desktop_notification:Sending desktop notification using 'notify2'
[1.402s] DEBUG:colcon.colcon_core.event_reactor:joined thread
[1.403s] INFO:colcon.colcon_core.shell:Creating prefix script '/home/seniorcar/Desktop/Yamamoto/ROS2_detection/install/local_setup.ps1'
[1.404s] INFO:colcon.colcon_core.shell:Creating prefix util module '/home/seniorcar/Desktop/Yamamoto/ROS2_detection/install/_local_setup_util_ps1.py'
[1.407s] INFO:colcon.colcon_core.shell:Creating prefix chain script '/home/seniorcar/Desktop/Yamamoto/ROS2_detection/install/setup.ps1'
[1.413s] INFO:colcon.colcon_core.shell:Creating prefix script '/home/seniorcar/Desktop/Yamamoto/ROS2_detection/install/local_setup.sh'
[1.414s] INFO:colcon.colcon_core.shell:Creating prefix util module '/home/seniorcar/Desktop/Yamamoto/ROS2_detection/install/_local_setup_util_sh.py'
[1.414s] INFO:colcon.colcon_core.shell:Creating prefix chain script '/home/seniorcar/Desktop/Yamamoto/ROS2_detection/install/setup.sh'
[1.421s] INFO:colcon.colcon_core.shell:Creating prefix script '/home/seniorcar/Desktop/Yamamoto/ROS2_detection/install/local_setup.bash'
[1.421s] INFO:colcon.colcon_core.shell:Creating prefix chain script '/home/seniorcar/Desktop/Yamamoto/ROS2_detection/install/setup.bash'
[1.431s] INFO:colcon.colcon_core.shell:Creating prefix script '/home/seniorcar/Desktop/Yamamoto/ROS2_detection/install/local_setup.zsh'
[1.431s] INFO:colcon.colcon_core.shell:Creating prefix chain script '/home/seniorcar/Desktop/Yamamoto/ROS2_detection/install/setup.zsh'
