[0.705s] Invoking command in '/home/itolab-chotaro/HDD/Python/ROS2_omnidirectional_ssd_marge/src/mb1ssd_detection': PYTHONPATH=/home/itolab-chotaro/HDD/Python/ROS2_omnidirectional_ssd_marge/install/mb1ssd_detection/lib/python3.6/site-packages:${PYTHONPATH} /usr/bin/python3 setup.py egg_info --egg-base ../../build/mb1ssd_detection build --build-base /home/itolab-chotaro/HDD/Python/ROS2_omnidirectional_ssd_marge/build/mb1ssd_detection/build install --prefix /home/itolab-chotaro/HDD/Python/ROS2_omnidirectional_ssd_marge/install/mb1ssd_detection --record /home/itolab-chotaro/HDD/Python/ROS2_omnidirectional_ssd_marge/build/mb1ssd_detection/install.log --single-version-externally-managed
[1.012s] running egg_info
[1.014s] writing ../../build/mb1ssd_detection/mb1ssd_detection.egg-info/PKG-INFO
[1.016s] writing dependency_links to ../../build/mb1ssd_detection/mb1ssd_detection.egg-info/dependency_links.txt
[1.016s] writing entry points to ../../build/mb1ssd_detection/mb1ssd_detection.egg-info/entry_points.txt
[1.016s] writing requirements to ../../build/mb1ssd_detection/mb1ssd_detection.egg-info/requires.txt
[1.017s] writing top-level names to ../../build/mb1ssd_detection/mb1ssd_detection.egg-info/top_level.txt
[1.050s] reading manifest file '../../build/mb1ssd_detection/mb1ssd_detection.egg-info/SOURCES.txt'
[1.075s] writing manifest file '../../build/mb1ssd_detection/mb1ssd_detection.egg-info/SOURCES.txt'
[1.075s] running build
[1.075s] running build_py
[1.076s] copying mb1ssd_detection/ros2_img_detection.py -> /home/itolab-chotaro/HDD/Python/ROS2_omnidirectional_ssd_marge/build/mb1ssd_detection/build/lib/mb1ssd_detection
[1.076s] running install
[1.077s] running install_lib
[1.078s] copying /home/itolab-chotaro/HDD/Python/ROS2_omnidirectional_ssd_marge/build/mb1ssd_detection/build/lib/mb1ssd_detection/ros2_img_detection.py -> /home/itolab-chotaro/HDD/Python/ROS2_omnidirectional_ssd_marge/install/mb1ssd_detection/lib/python3.6/site-packages/mb1ssd_detection
[1.079s] byte-compiling /home/itolab-chotaro/HDD/Python/ROS2_omnidirectional_ssd_marge/install/mb1ssd_detection/lib/python3.6/site-packages/mb1ssd_detection/ros2_img_detection.py to ros2_img_detection.cpython-36.pyc
[1.080s] running install_data
[1.081s] running install_egg_info
[1.083s] removing '/home/itolab-chotaro/HDD/Python/ROS2_omnidirectional_ssd_marge/install/mb1ssd_detection/lib/python3.6/site-packages/mb1ssd_detection-0.0.0-py3.6.egg-info' (and everything under it)
[1.083s] Copying ../../build/mb1ssd_detection/mb1ssd_detection.egg-info to /home/itolab-chotaro/HDD/Python/ROS2_omnidirectional_ssd_marge/install/mb1ssd_detection/lib/python3.6/site-packages/mb1ssd_detection-0.0.0-py3.6.egg-info
[1.084s] running install_scripts
[1.102s] Installing mb1ssd_detection script to /home/itolab-chotaro/HDD/Python/ROS2_omnidirectional_ssd_marge/install/mb1ssd_detection/lib/mb1ssd_detection
[1.103s] writing list of installed files to '/home/itolab-chotaro/HDD/Python/ROS2_omnidirectional_ssd_marge/build/mb1ssd_detection/install.log'
[1.124s] Invoked command in '/home/itolab-chotaro/HDD/Python/ROS2_omnidirectional_ssd_marge/src/mb1ssd_detection' returned '0': PYTHONPATH=/home/itolab-chotaro/HDD/Python/ROS2_omnidirectional_ssd_marge/install/mb1ssd_detection/lib/python3.6/site-packages:${PYTHONPATH} /usr/bin/python3 setup.py egg_info --egg-base ../../build/mb1ssd_detection build --build-base /home/itolab-chotaro/HDD/Python/ROS2_omnidirectional_ssd_marge/build/mb1ssd_detection/build install --prefix /home/itolab-chotaro/HDD/Python/ROS2_omnidirectional_ssd_marge/install/mb1ssd_detection --record /home/itolab-chotaro/HDD/Python/ROS2_omnidirectional_ssd_marge/build/mb1ssd_detection/install.log --single-version-externally-managed
