[1.013s] Invoking command in '/home/seniorcar/Desktop/Yamamoto/ROS2_detection/src/ssd_detection': PYTHONPATH=/home/seniorcar/Desktop/Yamamoto/ROS2_detection/install/ssd_detection/lib/python3.6/site-packages:${PYTHONPATH} /usr/bin/python3 setup.py egg_info --egg-base ../../build/ssd_detection build --build-base /home/seniorcar/Desktop/Yamamoto/ROS2_detection/build/ssd_detection/build install --prefix /home/seniorcar/Desktop/Yamamoto/ROS2_detection/install/ssd_detection --record /home/seniorcar/Desktop/Yamamoto/ROS2_detection/build/ssd_detection/install.log --single-version-externally-managed
[1.366s] /home/seniorcar/.local/lib/python3.6/site-packages/setuptools/dist.py:720: UserWarning: Usage of dash-separated 'script-dir' will not be supported in future versions. Please use the underscore name 'script_dir' instead
[1.366s]   % (opt, underscore_opt)
[1.366s] /home/seniorcar/.local/lib/python3.6/site-packages/setuptools/dist.py:720: UserWarning: Usage of dash-separated 'install-scripts' will not be supported in future versions. Please use the underscore name 'install_scripts' instead
[1.367s]   % (opt, underscore_opt)
[1.407s] running egg_info
[1.409s] writing ../../build/ssd_detection/ssd_detection.egg-info/PKG-INFO
[1.409s] writing dependency_links to ../../build/ssd_detection/ssd_detection.egg-info/dependency_links.txt
[1.409s] writing entry points to ../../build/ssd_detection/ssd_detection.egg-info/entry_points.txt
[1.410s] writing requirements to ../../build/ssd_detection/ssd_detection.egg-info/requires.txt
[1.410s] writing top-level names to ../../build/ssd_detection/ssd_detection.egg-info/top_level.txt
[1.413s] reading manifest file '../../build/ssd_detection/ssd_detection.egg-info/SOURCES.txt'
[1.415s] writing manifest file '../../build/ssd_detection/ssd_detection.egg-info/SOURCES.txt'
[1.415s] running build
[1.415s] running build_py
[1.416s] running install
[1.416s] running install_lib
[1.419s] running install_data
[1.420s] running install_egg_info
[1.423s] removing '/home/seniorcar/Desktop/Yamamoto/ROS2_detection/install/ssd_detection/lib/python3.6/site-packages/ssd_detection-0.0.0-py3.6.egg-info' (and everything under it)
[1.423s] Copying ../../build/ssd_detection/ssd_detection.egg-info to /home/seniorcar/Desktop/Yamamoto/ROS2_detection/install/ssd_detection/lib/python3.6/site-packages/ssd_detection-0.0.0-py3.6.egg-info
[1.423s] running install_scripts
[1.453s] Installing ssd_detection script to /home/seniorcar/Desktop/Yamamoto/ROS2_detection/install/ssd_detection/lib/ssd_detection
[1.454s] writing list of installed files to '/home/seniorcar/Desktop/Yamamoto/ROS2_detection/build/ssd_detection/install.log'
[1.531s] Invoked command in '/home/seniorcar/Desktop/Yamamoto/ROS2_detection/src/ssd_detection' returned '0': PYTHONPATH=/home/seniorcar/Desktop/Yamamoto/ROS2_detection/install/ssd_detection/lib/python3.6/site-packages:${PYTHONPATH} /usr/bin/python3 setup.py egg_info --egg-base ../../build/ssd_detection build --build-base /home/seniorcar/Desktop/Yamamoto/ROS2_detection/build/ssd_detection/build install --prefix /home/seniorcar/Desktop/Yamamoto/ROS2_detection/install/ssd_detection --record /home/seniorcar/Desktop/Yamamoto/ROS2_detection/build/ssd_detection/install.log --single-version-externally-managed
