[0.635s] Invoking command in '/home/itolab-chotaro/HDD/Python/ROS2_omnidirectional_ssd_marge/src/ssd_detection': PYTHONPATH=/home/itolab-chotaro/HDD/Python/ROS2_omnidirectional_ssd_marge/install/ssd_detection/lib/python3.6/site-packages:${PYTHONPATH} /usr/bin/python3 setup.py egg_info --egg-base ../../build/ssd_detection build --build-base /home/itolab-chotaro/HDD/Python/ROS2_omnidirectional_ssd_marge/build/ssd_detection/build install --prefix /home/itolab-chotaro/HDD/Python/ROS2_omnidirectional_ssd_marge/install/ssd_detection --record /home/itolab-chotaro/HDD/Python/ROS2_omnidirectional_ssd_marge/build/ssd_detection/install.log --single-version-externally-managed
[0.915s] running egg_info
[0.915s] creating ../../build/ssd_detection/ssd_detection.egg-info
[0.915s] writing ../../build/ssd_detection/ssd_detection.egg-info/PKG-INFO
[0.916s] writing dependency_links to ../../build/ssd_detection/ssd_detection.egg-info/dependency_links.txt
[0.916s] writing entry points to ../../build/ssd_detection/ssd_detection.egg-info/entry_points.txt
[0.916s] writing requirements to ../../build/ssd_detection/ssd_detection.egg-info/requires.txt
[0.916s] writing top-level names to ../../build/ssd_detection/ssd_detection.egg-info/top_level.txt
[0.917s] writing manifest file '../../build/ssd_detection/ssd_detection.egg-info/SOURCES.txt'
[0.944s] reading manifest file '../../build/ssd_detection/ssd_detection.egg-info/SOURCES.txt'
[0.945s] writing manifest file '../../build/ssd_detection/ssd_detection.egg-info/SOURCES.txt'
[0.945s] running build
[0.945s] running build_py
[0.945s] creating /home/itolab-chotaro/HDD/Python/ROS2_omnidirectional_ssd_marge/build/ssd_detection/build
[0.945s] creating /home/itolab-chotaro/HDD/Python/ROS2_omnidirectional_ssd_marge/build/ssd_detection/build/lib
[0.945s] creating /home/itolab-chotaro/HDD/Python/ROS2_omnidirectional_ssd_marge/build/ssd_detection/build/lib/ssd_detection
[0.945s] copying ssd_detection/ros2_panorama_detection.py -> /home/itolab-chotaro/HDD/Python/ROS2_omnidirectional_ssd_marge/build/ssd_detection/build/lib/ssd_detection
[0.945s] copying ssd_detection/ros2_img_detection.py -> /home/itolab-chotaro/HDD/Python/ROS2_omnidirectional_ssd_marge/build/ssd_detection/build/lib/ssd_detection
[0.946s] copying ssd_detection/__init__.py -> /home/itolab-chotaro/HDD/Python/ROS2_omnidirectional_ssd_marge/build/ssd_detection/build/lib/ssd_detection
[0.946s] creating /home/itolab-chotaro/HDD/Python/ROS2_omnidirectional_ssd_marge/build/ssd_detection/build/lib/ssd_detection/utils
[0.946s] copying ssd_detection/utils/ssd_predict_show_split8.py -> /home/itolab-chotaro/HDD/Python/ROS2_omnidirectional_ssd_marge/build/ssd_detection/build/lib/ssd_detection/utils
[0.946s] copying ssd_detection/utils/match.py -> /home/itolab-chotaro/HDD/Python/ROS2_omnidirectional_ssd_marge/build/ssd_detection/build/lib/ssd_detection/utils
[0.946s] copying ssd_detection/utils/__init__.py -> /home/itolab-chotaro/HDD/Python/ROS2_omnidirectional_ssd_marge/build/ssd_detection/build/lib/ssd_detection/utils
[0.946s] copying ssd_detection/utils/data_augumentation.py -> /home/itolab-chotaro/HDD/Python/ROS2_omnidirectional_ssd_marge/build/ssd_detection/build/lib/ssd_detection/utils
[0.946s] copying ssd_detection/utils/ssd_model.py -> /home/itolab-chotaro/HDD/Python/ROS2_omnidirectional_ssd_marge/build/ssd_detection/build/lib/ssd_detection/utils
[0.946s] running install
[0.947s] running install_lib
[0.947s] creating /home/itolab-chotaro/HDD/Python/ROS2_omnidirectional_ssd_marge/install/ssd_detection/lib/python3.6/site-packages/ssd_detection
[0.948s] creating /home/itolab-chotaro/HDD/Python/ROS2_omnidirectional_ssd_marge/install/ssd_detection/lib/python3.6/site-packages/ssd_detection/utils
[0.948s] copying /home/itolab-chotaro/HDD/Python/ROS2_omnidirectional_ssd_marge/build/ssd_detection/build/lib/ssd_detection/utils/ssd_predict_show_split8.py -> /home/itolab-chotaro/HDD/Python/ROS2_omnidirectional_ssd_marge/install/ssd_detection/lib/python3.6/site-packages/ssd_detection/utils
[0.948s] copying /home/itolab-chotaro/HDD/Python/ROS2_omnidirectional_ssd_marge/build/ssd_detection/build/lib/ssd_detection/utils/match.py -> /home/itolab-chotaro/HDD/Python/ROS2_omnidirectional_ssd_marge/install/ssd_detection/lib/python3.6/site-packages/ssd_detection/utils
[0.948s] copying /home/itolab-chotaro/HDD/Python/ROS2_omnidirectional_ssd_marge/build/ssd_detection/build/lib/ssd_detection/utils/__init__.py -> /home/itolab-chotaro/HDD/Python/ROS2_omnidirectional_ssd_marge/install/ssd_detection/lib/python3.6/site-packages/ssd_detection/utils
[0.948s] copying /home/itolab-chotaro/HDD/Python/ROS2_omnidirectional_ssd_marge/build/ssd_detection/build/lib/ssd_detection/utils/data_augumentation.py -> /home/itolab-chotaro/HDD/Python/ROS2_omnidirectional_ssd_marge/install/ssd_detection/lib/python3.6/site-packages/ssd_detection/utils
[0.948s] copying /home/itolab-chotaro/HDD/Python/ROS2_omnidirectional_ssd_marge/build/ssd_detection/build/lib/ssd_detection/utils/ssd_model.py -> /home/itolab-chotaro/HDD/Python/ROS2_omnidirectional_ssd_marge/install/ssd_detection/lib/python3.6/site-packages/ssd_detection/utils
[0.948s] copying /home/itolab-chotaro/HDD/Python/ROS2_omnidirectional_ssd_marge/build/ssd_detection/build/lib/ssd_detection/ros2_panorama_detection.py -> /home/itolab-chotaro/HDD/Python/ROS2_omnidirectional_ssd_marge/install/ssd_detection/lib/python3.6/site-packages/ssd_detection
[0.948s] copying /home/itolab-chotaro/HDD/Python/ROS2_omnidirectional_ssd_marge/build/ssd_detection/build/lib/ssd_detection/ros2_img_detection.py -> /home/itolab-chotaro/HDD/Python/ROS2_omnidirectional_ssd_marge/install/ssd_detection/lib/python3.6/site-packages/ssd_detection
[0.948s] copying /home/itolab-chotaro/HDD/Python/ROS2_omnidirectional_ssd_marge/build/ssd_detection/build/lib/ssd_detection/__init__.py -> /home/itolab-chotaro/HDD/Python/ROS2_omnidirectional_ssd_marge/install/ssd_detection/lib/python3.6/site-packages/ssd_detection
[0.948s] byte-compiling /home/itolab-chotaro/HDD/Python/ROS2_omnidirectional_ssd_marge/install/ssd_detection/lib/python3.6/site-packages/ssd_detection/utils/ssd_predict_show_split8.py to ssd_predict_show_split8.cpython-36.pyc
[0.949s] byte-compiling /home/itolab-chotaro/HDD/Python/ROS2_omnidirectional_ssd_marge/install/ssd_detection/lib/python3.6/site-packages/ssd_detection/utils/match.py to match.cpython-36.pyc
[0.949s] byte-compiling /home/itolab-chotaro/HDD/Python/ROS2_omnidirectional_ssd_marge/install/ssd_detection/lib/python3.6/site-packages/ssd_detection/utils/__init__.py to __init__.cpython-36.pyc
[0.950s] byte-compiling /home/itolab-chotaro/HDD/Python/ROS2_omnidirectional_ssd_marge/install/ssd_detection/lib/python3.6/site-packages/ssd_detection/utils/data_augumentation.py to data_augumentation.cpython-36.pyc
[0.952s] byte-compiling /home/itolab-chotaro/HDD/Python/ROS2_omnidirectional_ssd_marge/install/ssd_detection/lib/python3.6/site-packages/ssd_detection/utils/ssd_model.py to ssd_model.cpython-36.pyc
[0.955s] byte-compiling /home/itolab-chotaro/HDD/Python/ROS2_omnidirectional_ssd_marge/install/ssd_detection/lib/python3.6/site-packages/ssd_detection/ros2_panorama_detection.py to ros2_panorama_detection.cpython-36.pyc
[0.955s] byte-compiling /home/itolab-chotaro/HDD/Python/ROS2_omnidirectional_ssd_marge/install/ssd_detection/lib/python3.6/site-packages/ssd_detection/ros2_img_detection.py to ros2_img_detection.cpython-36.pyc
[0.956s] byte-compiling /home/itolab-chotaro/HDD/Python/ROS2_omnidirectional_ssd_marge/install/ssd_detection/lib/python3.6/site-packages/ssd_detection/__init__.py to __init__.cpython-36.pyc
[0.956s] running install_data
[0.957s] creating /home/itolab-chotaro/HDD/Python/ROS2_omnidirectional_ssd_marge/install/ssd_detection/share/ament_index
[0.957s] creating /home/itolab-chotaro/HDD/Python/ROS2_omnidirectional_ssd_marge/install/ssd_detection/share/ament_index/resource_index
[0.957s] creating /home/itolab-chotaro/HDD/Python/ROS2_omnidirectional_ssd_marge/install/ssd_detection/share/ament_index/resource_index/packages
[0.957s] copying resource/ssd_detection -> /home/itolab-chotaro/HDD/Python/ROS2_omnidirectional_ssd_marge/install/ssd_detection/share/ament_index/resource_index/packages
[0.957s] copying package.xml -> /home/itolab-chotaro/HDD/Python/ROS2_omnidirectional_ssd_marge/install/ssd_detection/share/ssd_detection
[0.957s] running install_egg_info
[0.959s] Copying ../../build/ssd_detection/ssd_detection.egg-info to /home/itolab-chotaro/HDD/Python/ROS2_omnidirectional_ssd_marge/install/ssd_detection/lib/python3.6/site-packages/ssd_detection-0.0.0-py3.6.egg-info
[0.960s] running install_scripts
[0.977s] Installing ssd_detection script to /home/itolab-chotaro/HDD/Python/ROS2_omnidirectional_ssd_marge/install/ssd_detection/lib/ssd_detection
[0.977s] writing list of installed files to '/home/itolab-chotaro/HDD/Python/ROS2_omnidirectional_ssd_marge/build/ssd_detection/install.log'
[1.017s] Invoked command in '/home/itolab-chotaro/HDD/Python/ROS2_omnidirectional_ssd_marge/src/ssd_detection' returned '0': PYTHONPATH=/home/itolab-chotaro/HDD/Python/ROS2_omnidirectional_ssd_marge/install/ssd_detection/lib/python3.6/site-packages:${PYTHONPATH} /usr/bin/python3 setup.py egg_info --egg-base ../../build/ssd_detection build --build-base /home/itolab-chotaro/HDD/Python/ROS2_omnidirectional_ssd_marge/build/ssd_detection/build install --prefix /home/itolab-chotaro/HDD/Python/ROS2_omnidirectional_ssd_marge/install/ssd_detection --record /home/itolab-chotaro/HDD/Python/ROS2_omnidirectional_ssd_marge/build/ssd_detection/install.log --single-version-externally-managed
