[0.704s] Invoking command in '/home/itolab-chotaro/HDD/Python/ROS2_omnidirectional_ssd_marge/src/ssd_detection': PYTHONPATH=/home/itolab-chotaro/HDD/Python/ROS2_omnidirectional_ssd_marge/install/ssd_detection/lib/python3.6/site-packages:${PYTHONPATH} /usr/bin/python3 setup.py egg_info --egg-base ../../build/ssd_detection build --build-base /home/itolab-chotaro/HDD/Python/ROS2_omnidirectional_ssd_marge/build/ssd_detection/build install --prefix /home/itolab-chotaro/HDD/Python/ROS2_omnidirectional_ssd_marge/install/ssd_detection --record /home/itolab-chotaro/HDD/Python/ROS2_omnidirectional_ssd_marge/build/ssd_detection/install.log --single-version-externally-managed
[1.004s] running egg_info
[1.004s] writing ../../build/ssd_detection/ssd_detection.egg-info/PKG-INFO
[1.004s] writing dependency_links to ../../build/ssd_detection/ssd_detection.egg-info/dependency_links.txt
[1.004s] writing entry points to ../../build/ssd_detection/ssd_detection.egg-info/entry_points.txt
[1.004s] writing requirements to ../../build/ssd_detection/ssd_detection.egg-info/requires.txt
[1.004s] writing top-level names to ../../build/ssd_detection/ssd_detection.egg-info/top_level.txt
[1.068s] reading manifest file '../../build/ssd_detection/ssd_detection.egg-info/SOURCES.txt'
[1.127s] writing manifest file '../../build/ssd_detection/ssd_detection.egg-info/SOURCES.txt'
[1.127s] running build
[1.127s] running build_py
[1.127s] running install
[1.128s] running install_lib
[1.221s] running install_data
[1.222s] running install_egg_info
[1.227s] removing '/home/itolab-chotaro/HDD/Python/ROS2_omnidirectional_ssd_marge/install/ssd_detection/lib/python3.6/site-packages/ssd_detection-0.0.0-py3.6.egg-info' (and everything under it)
[1.227s] Copying ../../build/ssd_detection/ssd_detection.egg-info to /home/itolab-chotaro/HDD/Python/ROS2_omnidirectional_ssd_marge/install/ssd_detection/lib/python3.6/site-packages/ssd_detection-0.0.0-py3.6.egg-info
[1.229s] running install_scripts
[1.261s] Installing ssd_detection script to /home/itolab-chotaro/HDD/Python/ROS2_omnidirectional_ssd_marge/install/ssd_detection/lib/ssd_detection
[1.262s] writing list of installed files to '/home/itolab-chotaro/HDD/Python/ROS2_omnidirectional_ssd_marge/build/ssd_detection/install.log'
[1.280s] Invoked command in '/home/itolab-chotaro/HDD/Python/ROS2_omnidirectional_ssd_marge/src/ssd_detection' returned '0': PYTHONPATH=/home/itolab-chotaro/HDD/Python/ROS2_omnidirectional_ssd_marge/install/ssd_detection/lib/python3.6/site-packages:${PYTHONPATH} /usr/bin/python3 setup.py egg_info --egg-base ../../build/ssd_detection build --build-base /home/itolab-chotaro/HDD/Python/ROS2_omnidirectional_ssd_marge/build/ssd_detection/build install --prefix /home/itolab-chotaro/HDD/Python/ROS2_omnidirectional_ssd_marge/install/ssd_detection --record /home/itolab-chotaro/HDD/Python/ROS2_omnidirectional_ssd_marge/build/ssd_detection/install.log --single-version-externally-managed
