[0.464s] DEBUG:colcon:Command line arguments: ['/usr/bin/colcon', 'build']
[0.464s] DEBUG:colcon:Parsed command line arguments: Namespace(ament_cmake_args=None, base_paths=['.'], build_base='build', catkin_cmake_args=None, catkin_skip_building_tests=False, cmake_args=None, cmake_clean_cache=False, cmake_clean_first=False, cmake_force_configure=False, cmake_target=None, cmake_target_skip_unavailable=False, continue_on_error=False, event_handlers=None, executor='parallel', ignore_user_meta=False, install_base='install', log_base=None, log_level=None, main=<bound method BuildVerb.main of <colcon_core.verb.build.BuildVerb object at 0x7f6a09ece9e8>>, merge_install=False, metas=['./colcon.meta'], packages_above=None, packages_above_and_dependencies=None, packages_above_depth=None, packages_end=None, packages_ignore=None, packages_ignore_regex=None, packages_select=None, packages_select_build_failed=False, packages_select_by_dep=None, packages_select_regex=None, packages_select_test_failures=False, packages_skip=None, packages_skip_build_finished=False, packages_skip_by_dep=None, packages_skip_regex=None, packages_skip_test_passed=False, packages_skip_up_to=None, packages_start=None, packages_up_to=None, packages_up_to_regex=None, parallel_workers=16, paths=None, symlink_install=False, test_result_base=None, verb_extension=<colcon_core.verb.build.BuildVerb object at 0x7f6a09ece9e8>, verb_name='build', verb_parser=<colcon_defaults.argument_parser.defaults.DefaultArgumentsDecorator object at 0x7f6a09eced30>)
[0.472s] Level 1:colcon.colcon_core.package_discovery:discover_packages(colcon_meta) check parameters
[0.472s] Level 1:colcon.colcon_core.package_discovery:discover_packages(recursive) check parameters
[0.472s] Level 1:colcon.colcon_core.package_discovery:discover_packages(ignore) check parameters
[0.472s] Level 1:colcon.colcon_core.package_discovery:discover_packages(path) check parameters
[0.472s] Level 1:colcon.colcon_core.package_discovery:discover_packages(colcon_meta) discover
[0.473s] Level 1:colcon.colcon_core.package_discovery:discover_packages(recursive) discover
[0.473s] INFO:colcon.colcon_core.package_discovery:Crawling recursively for packages in '/home/seniorcar/Desktop/Yamamoto/ROS2_detection'
[0.474s] Level 1:colcon.colcon_core.package_identification:_identify(.) by extensions ['ignore', 'ignore_ament_install']
[0.474s] Level 1:colcon.colcon_core.package_identification:_identify(.) by extension 'ignore'
[0.474s] Level 1:colcon.colcon_core.package_identification:_identify(.) by extension 'ignore_ament_install'
[0.474s] Level 1:colcon.colcon_core.package_identification:_identify(.) by extensions ['colcon_pkg']
[0.474s] Level 1:colcon.colcon_core.package_identification:_identify(.) by extension 'colcon_pkg'
[0.474s] Level 1:colcon.colcon_core.package_identification:_identify(.) by extensions ['colcon_meta']
[0.474s] Level 1:colcon.colcon_core.package_identification:_identify(.) by extension 'colcon_meta'
[0.474s] Level 1:colcon.colcon_core.package_identification:_identify(.) by extensions ['ros']
[0.474s] Level 1:colcon.colcon_core.package_identification:_identify(.) by extension 'ros'
[0.488s] Level 1:colcon.colcon_core.package_identification:_identify(.) by extensions ['cmake', 'python']
[0.488s] Level 1:colcon.colcon_core.package_identification:_identify(.) by extension 'cmake'
[0.488s] Level 1:colcon.colcon_core.package_identification:_identify(.) by extension 'python'
[0.489s] Level 1:colcon.colcon_core.package_identification:_identify(.) by extensions ['python_setup_py']
[0.489s] Level 1:colcon.colcon_core.package_identification:_identify(.) by extension 'python_setup_py'
[0.489s] Level 1:colcon.colcon_core.package_identification:_identify(build) by extensions ['ignore', 'ignore_ament_install']
[0.489s] Level 1:colcon.colcon_core.package_identification:_identify(build) by extension 'ignore'
[0.489s] Level 1:colcon.colcon_core.package_identification:_identify(build) ignored
[0.490s] Level 1:colcon.colcon_core.package_identification:_identify(install) by extensions ['ignore', 'ignore_ament_install']
[0.490s] Level 1:colcon.colcon_core.package_identification:_identify(install) by extension 'ignore'
[0.491s] Level 1:colcon.colcon_core.package_identification:_identify(install) ignored
[0.492s] Level 1:colcon.colcon_core.package_identification:_identify(log) by extensions ['ignore', 'ignore_ament_install']
[0.492s] Level 1:colcon.colcon_core.package_identification:_identify(log) by extension 'ignore'
[0.493s] Level 1:colcon.colcon_core.package_identification:_identify(log) ignored
[0.493s] Level 1:colcon.colcon_core.package_identification:_identify(src) by extensions ['ignore', 'ignore_ament_install']
[0.494s] Level 1:colcon.colcon_core.package_identification:_identify(src) by extension 'ignore'
[0.494s] Level 1:colcon.colcon_core.package_identification:_identify(src) by extension 'ignore_ament_install'
[0.494s] Level 1:colcon.colcon_core.package_identification:_identify(src) by extensions ['colcon_pkg']
[0.494s] Level 1:colcon.colcon_core.package_identification:_identify(src) by extension 'colcon_pkg'
[0.494s] Level 1:colcon.colcon_core.package_identification:_identify(src) by extensions ['colcon_meta']
[0.494s] Level 1:colcon.colcon_core.package_identification:_identify(src) by extension 'colcon_meta'
[0.494s] Level 1:colcon.colcon_core.package_identification:_identify(src) by extensions ['ros']
[0.494s] Level 1:colcon.colcon_core.package_identification:_identify(src) by extension 'ros'
[0.494s] Level 1:colcon.colcon_core.package_identification:_identify(src) by extensions ['cmake', 'python']
[0.494s] Level 1:colcon.colcon_core.package_identification:_identify(src) by extension 'cmake'
[0.494s] Level 1:colcon.colcon_core.package_identification:_identify(src) by extension 'python'
[0.494s] Level 1:colcon.colcon_core.package_identification:_identify(src) by extensions ['python_setup_py']
[0.494s] Level 1:colcon.colcon_core.package_identification:_identify(src) by extension 'python_setup_py'
[0.494s] Level 1:colcon.colcon_core.package_identification:_identify(src/mb1ssd_detection) by extensions ['ignore', 'ignore_ament_install']
[0.494s] Level 1:colcon.colcon_core.package_identification:_identify(src/mb1ssd_detection) by extension 'ignore'
[0.494s] Level 1:colcon.colcon_core.package_identification:_identify(src/mb1ssd_detection) by extension 'ignore_ament_install'
[0.494s] Level 1:colcon.colcon_core.package_identification:_identify(src/mb1ssd_detection) by extensions ['colcon_pkg']
[0.494s] Level 1:colcon.colcon_core.package_identification:_identify(src/mb1ssd_detection) by extension 'colcon_pkg'
[0.494s] Level 1:colcon.colcon_core.package_identification:_identify(src/mb1ssd_detection) by extensions ['colcon_meta']
[0.494s] Level 1:colcon.colcon_core.package_identification:_identify(src/mb1ssd_detection) by extension 'colcon_meta'
[0.495s] Level 1:colcon.colcon_core.package_identification:_identify(src/mb1ssd_detection) by extensions ['ros']
[0.495s] Level 1:colcon.colcon_core.package_identification:_identify(src/mb1ssd_detection) by extension 'ros'
[0.499s] DEBUG:colcon.colcon_core.package_identification:Package 'src/mb1ssd_detection' with type 'ros.ament_python' and name 'mb1ssd_detection'
[0.499s] Level 1:colcon.colcon_core.package_identification:_identify(src/ssd_detection) by extensions ['ignore', 'ignore_ament_install']
[0.500s] Level 1:colcon.colcon_core.package_identification:_identify(src/ssd_detection) by extension 'ignore'
[0.500s] Level 1:colcon.colcon_core.package_identification:_identify(src/ssd_detection) by extension 'ignore_ament_install'
[0.500s] Level 1:colcon.colcon_core.package_identification:_identify(src/ssd_detection) by extensions ['colcon_pkg']
[0.500s] Level 1:colcon.colcon_core.package_identification:_identify(src/ssd_detection) by extension 'colcon_pkg'
[0.500s] Level 1:colcon.colcon_core.package_identification:_identify(src/ssd_detection) by extensions ['colcon_meta']
[0.500s] Level 1:colcon.colcon_core.package_identification:_identify(src/ssd_detection) by extension 'colcon_meta'
[0.500s] Level 1:colcon.colcon_core.package_identification:_identify(src/ssd_detection) by extensions ['ros']
[0.500s] Level 1:colcon.colcon_core.package_identification:_identify(src/ssd_detection) by extension 'ros'
[0.501s] DEBUG:colcon.colcon_core.package_identification:Package 'src/ssd_detection' with type 'ros.ament_python' and name 'ssd_detection'
[0.501s] Level 1:colcon.colcon_core.package_discovery:discover_packages(recursive) using defaults
[0.501s] Level 1:colcon.colcon_core.package_discovery:discover_packages(ignore) discover
[0.501s] Level 1:colcon.colcon_core.package_discovery:discover_packages(ignore) using defaults
[0.501s] Level 1:colcon.colcon_core.package_discovery:discover_packages(path) discover
[0.501s] Level 1:colcon.colcon_core.package_discovery:discover_packages(path) using defaults
[0.549s] Level 5:colcon.colcon_core.verb:set package 'mb1ssd_detection' build argument 'cmake_args' from command line to 'None'
[0.549s] Level 5:colcon.colcon_core.verb:set package 'mb1ssd_detection' build argument 'cmake_target' from command line to 'None'
[0.549s] Level 5:colcon.colcon_core.verb:set package 'mb1ssd_detection' build argument 'cmake_target_skip_unavailable' from command line to 'False'
[0.549s] Level 5:colcon.colcon_core.verb:set package 'mb1ssd_detection' build argument 'cmake_clean_cache' from command line to 'False'
[0.549s] Level 5:colcon.colcon_core.verb:set package 'mb1ssd_detection' build argument 'cmake_clean_first' from command line to 'False'
[0.549s] Level 5:colcon.colcon_core.verb:set package 'mb1ssd_detection' build argument 'cmake_force_configure' from command line to 'False'
[0.549s] Level 5:colcon.colcon_core.verb:set package 'mb1ssd_detection' build argument 'ament_cmake_args' from command line to 'None'
[0.549s] Level 5:colcon.colcon_core.verb:set package 'mb1ssd_detection' build argument 'catkin_cmake_args' from command line to 'None'
[0.549s] Level 5:colcon.colcon_core.verb:set package 'mb1ssd_detection' build argument 'catkin_skip_building_tests' from command line to 'False'
[0.549s] DEBUG:colcon.colcon_core.verb:Building package 'mb1ssd_detection' with the following arguments: {'ament_cmake_args': None, 'build_base': '/home/seniorcar/Desktop/Yamamoto/ROS2_detection/build/mb1ssd_detection', 'catkin_cmake_args': None, 'catkin_skip_building_tests': False, 'cmake_args': None, 'cmake_clean_cache': False, 'cmake_clean_first': False, 'cmake_force_configure': False, 'cmake_target': None, 'cmake_target_skip_unavailable': False, 'install_base': '/home/seniorcar/Desktop/Yamamoto/ROS2_detection/install/mb1ssd_detection', 'merge_install': False, 'path': '/home/seniorcar/Desktop/Yamamoto/ROS2_detection/src/mb1ssd_detection', 'symlink_install': False, 'test_result_base': None}
[0.553s] Level 5:colcon.colcon_core.verb:set package 'ssd_detection' build argument 'cmake_args' from command line to 'None'
[0.553s] Level 5:colcon.colcon_core.verb:set package 'ssd_detection' build argument 'cmake_target' from command line to 'None'
[0.553s] Level 5:colcon.colcon_core.verb:set package 'ssd_detection' build argument 'cmake_target_skip_unavailable' from command line to 'False'
[0.553s] Level 5:colcon.colcon_core.verb:set package 'ssd_detection' build argument 'cmake_clean_cache' from command line to 'False'
[0.553s] Level 5:colcon.colcon_core.verb:set package 'ssd_detection' build argument 'cmake_clean_first' from command line to 'False'
[0.553s] Level 5:colcon.colcon_core.verb:set package 'ssd_detection' build argument 'cmake_force_configure' from command line to 'False'
[0.553s] Level 5:colcon.colcon_core.verb:set package 'ssd_detection' build argument 'ament_cmake_args' from command line to 'None'
[0.553s] Level 5:colcon.colcon_core.verb:set package 'ssd_detection' build argument 'catkin_cmake_args' from command line to 'None'
[0.553s] Level 5:colcon.colcon_core.verb:set package 'ssd_detection' build argument 'catkin_skip_building_tests' from command line to 'False'
[0.553s] DEBUG:colcon.colcon_core.verb:Building package 'ssd_detection' with the following arguments: {'ament_cmake_args': None, 'build_base': '/home/seniorcar/Desktop/Yamamoto/ROS2_detection/build/ssd_detection', 'catkin_cmake_args': None, 'catkin_skip_building_tests': False, 'cmake_args': None, 'cmake_clean_cache': False, 'cmake_clean_first': False, 'cmake_force_configure': False, 'cmake_target': None, 'cmake_target_skip_unavailable': False, 'install_base': '/home/seniorcar/Desktop/Yamamoto/ROS2_detection/install/ssd_detection', 'merge_install': False, 'path': '/home/seniorcar/Desktop/Yamamoto/ROS2_detection/src/ssd_detection', 'symlink_install': False, 'test_result_base': None}
[0.554s] INFO:colcon.colcon_core.executor:Executing jobs using 'parallel' executor
[0.560s] DEBUG:colcon.colcon_parallel_executor.executor.parallel:run_until_complete
[0.561s] INFO:colcon.colcon_ros.task.ament_python.build:Building ROS package in '/home/seniorcar/Desktop/Yamamoto/ROS2_detection/src/mb1ssd_detection' with build type 'ament_python'
[0.562s] Level 1:colcon.colcon_core.shell:create_environment_hook('mb1ssd_detection', 'ament_prefix_path')
[0.568s] INFO:colcon.colcon_core.plugin_system:Skipping extension 'colcon_core.shell.bat': Not used on non-Windows systems
[0.568s] INFO:colcon.colcon_core.shell:Creating environment hook '/home/seniorcar/Desktop/Yamamoto/ROS2_detection/install/mb1ssd_detection/share/mb1ssd_detection/hook/ament_prefix_path.ps1'
[0.569s] INFO:colcon.colcon_core.shell:Creating environment descriptor '/home/seniorcar/Desktop/Yamamoto/ROS2_detection/install/mb1ssd_detection/share/mb1ssd_detection/hook/ament_prefix_path.dsv'
[0.570s] INFO:colcon.colcon_core.shell:Creating environment hook '/home/seniorcar/Desktop/Yamamoto/ROS2_detection/install/mb1ssd_detection/share/mb1ssd_detection/hook/ament_prefix_path.sh'
[0.571s] INFO:colcon.colcon_core.shell:Skip shell extension 'powershell' for command environment: Not usable outside of PowerShell
[0.571s] DEBUG:colcon.colcon_core.shell:Skip shell extension 'dsv' for command environment
[0.584s] DEBUG:colcon.colcon_core.shell:Ignoring prefix path '/opt/ros/dashing'
[0.584s] DEBUG:colcon.colcon_core.shell:Ignoring prefix path '/home/seniorcar/ros_ws/devel'
[0.584s] DEBUG:colcon.colcon_core.shell:Ignoring prefix path '/opt/ros/melodic'
[0.586s] INFO:colcon.colcon_ros.task.ament_python.build:Building ROS package in '/home/seniorcar/Desktop/Yamamoto/ROS2_detection/src/ssd_detection' with build type 'ament_python'
[0.587s] Level 1:colcon.colcon_core.shell:create_environment_hook('ssd_detection', 'ament_prefix_path')
[0.589s] INFO:colcon.colcon_core.shell:Creating environment hook '/home/seniorcar/Desktop/Yamamoto/ROS2_detection/install/ssd_detection/share/ssd_detection/hook/ament_prefix_path.ps1'
[0.590s] INFO:colcon.colcon_core.shell:Creating environment descriptor '/home/seniorcar/Desktop/Yamamoto/ROS2_detection/install/ssd_detection/share/ssd_detection/hook/ament_prefix_path.dsv'
[0.591s] INFO:colcon.colcon_core.shell:Creating environment hook '/home/seniorcar/Desktop/Yamamoto/ROS2_detection/install/ssd_detection/share/ssd_detection/hook/ament_prefix_path.sh'
[0.593s] INFO:colcon.colcon_core.shell:Skip shell extension 'powershell' for command environment: Not usable outside of PowerShell
[0.593s] DEBUG:colcon.colcon_core.shell:Skip shell extension 'dsv' for command environment
[0.604s] DEBUG:colcon.colcon_core.shell:Ignoring prefix path '/opt/ros/dashing'
[0.604s] DEBUG:colcon.colcon_core.shell:Ignoring prefix path '/home/seniorcar/ros_ws/devel'
[0.604s] DEBUG:colcon.colcon_core.shell:Ignoring prefix path '/opt/ros/melodic'
[1.024s] INFO:colcon.colcon_core.task.python.build:Building Python package in '/home/seniorcar/Desktop/Yamamoto/ROS2_detection/src/mb1ssd_detection'
[1.026s] INFO:colcon.colcon_core.shell:Skip shell extension 'powershell' for command environment: Not usable outside of PowerShell
[1.026s] DEBUG:colcon.colcon_core.shell:Skip shell extension 'dsv' for command environment
[1.038s] DEBUG:colcon.colcon_core.shell:Ignoring prefix path '/opt/ros/dashing'
[1.038s] DEBUG:colcon.colcon_core.shell:Ignoring prefix path '/home/seniorcar/ros_ws/devel'
[1.038s] DEBUG:colcon.colcon_core.shell:Ignoring prefix path '/opt/ros/melodic'
[1.442s] INFO:colcon.colcon_core.task.python.build:Building Python package in '/home/seniorcar/Desktop/Yamamoto/ROS2_detection/src/ssd_detection'
[1.443s] INFO:colcon.colcon_core.shell:Skip shell extension 'powershell' for command environment: Not usable outside of PowerShell
[1.443s] DEBUG:colcon.colcon_core.shell:Skip shell extension 'dsv' for command environment
[1.452s] DEBUG:colcon.colcon_core.shell:Ignoring prefix path '/opt/ros/dashing'
[1.453s] DEBUG:colcon.colcon_core.shell:Ignoring prefix path '/home/seniorcar/ros_ws/devel'
[1.453s] DEBUG:colcon.colcon_core.shell:Ignoring prefix path '/opt/ros/melodic'
[1.460s] DEBUG:colcon.colcon_core.event_handler.log_command:Invoking command in '/home/seniorcar/Desktop/Yamamoto/ROS2_detection/src/mb1ssd_detection': PYTHONPATH=/home/seniorcar/Desktop/Yamamoto/ROS2_detection/install/mb1ssd_detection/lib/python3.6/site-packages:${PYTHONPATH} /usr/bin/python3 setup.py egg_info --egg-base ../../build/mb1ssd_detection build --build-base /home/seniorcar/Desktop/Yamamoto/ROS2_detection/build/mb1ssd_detection/build install --prefix /home/seniorcar/Desktop/Yamamoto/ROS2_detection/install/mb1ssd_detection --record /home/seniorcar/Desktop/Yamamoto/ROS2_detection/build/mb1ssd_detection/install.log --single-version-externally-managed
[1.472s] DEBUG:colcon.colcon_core.event_handler.log_command:Invoking command in '/home/seniorcar/Desktop/Yamamoto/ROS2_detection/src/ssd_detection': PYTHONPATH=/home/seniorcar/Desktop/Yamamoto/ROS2_detection/install/ssd_detection/lib/python3.6/site-packages:${PYTHONPATH} /usr/bin/python3 setup.py egg_info --egg-base ../../build/ssd_detection build --build-base /home/seniorcar/Desktop/Yamamoto/ROS2_detection/build/ssd_detection/build install --prefix /home/seniorcar/Desktop/Yamamoto/ROS2_detection/install/ssd_detection --record /home/seniorcar/Desktop/Yamamoto/ROS2_detection/build/ssd_detection/install.log --single-version-externally-managed
[1.940s] DEBUG:colcon.colcon_core.event_handler.log_command:Invoked command in '/home/seniorcar/Desktop/Yamamoto/ROS2_detection/src/mb1ssd_detection' returned '0': PYTHONPATH=/home/seniorcar/Desktop/Yamamoto/ROS2_detection/install/mb1ssd_detection/lib/python3.6/site-packages:${PYTHONPATH} /usr/bin/python3 setup.py egg_info --egg-base ../../build/mb1ssd_detection build --build-base /home/seniorcar/Desktop/Yamamoto/ROS2_detection/build/mb1ssd_detection/build install --prefix /home/seniorcar/Desktop/Yamamoto/ROS2_detection/install/mb1ssd_detection --record /home/seniorcar/Desktop/Yamamoto/ROS2_detection/build/mb1ssd_detection/install.log --single-version-externally-managed
[1.943s] Level 1:colcon.colcon_core.environment:checking '/home/seniorcar/Desktop/Yamamoto/ROS2_detection/install/mb1ssd_detection' for CMake module files
[1.944s] Level 1:colcon.colcon_core.environment:checking '/home/seniorcar/Desktop/Yamamoto/ROS2_detection/install/mb1ssd_detection' for CMake config files
[1.945s] Level 1:colcon.colcon_core.environment:checking '/home/seniorcar/Desktop/Yamamoto/ROS2_detection/install/mb1ssd_detection/lib'
[1.945s] Level 1:colcon.colcon_core.environment:checking '/home/seniorcar/Desktop/Yamamoto/ROS2_detection/install/mb1ssd_detection/bin'
[1.945s] Level 1:colcon.colcon_core.environment:checking '/home/seniorcar/Desktop/Yamamoto/ROS2_detection/install/mb1ssd_detection/lib/pkgconfig/mb1ssd_detection.pc'
[1.945s] Level 1:colcon.colcon_core.environment:checking '/home/seniorcar/Desktop/Yamamoto/ROS2_detection/install/mb1ssd_detection/lib/python3.6/site-packages'
[1.945s] Level 1:colcon.colcon_core.shell:create_environment_hook('mb1ssd_detection', 'pythonpath')
[1.946s] INFO:colcon.colcon_core.shell:Creating environment hook '/home/seniorcar/Desktop/Yamamoto/ROS2_detection/install/mb1ssd_detection/share/mb1ssd_detection/hook/pythonpath.ps1'
[1.947s] INFO:colcon.colcon_core.shell:Creating environment descriptor '/home/seniorcar/Desktop/Yamamoto/ROS2_detection/install/mb1ssd_detection/share/mb1ssd_detection/hook/pythonpath.dsv'
[1.947s] INFO:colcon.colcon_core.shell:Creating environment hook '/home/seniorcar/Desktop/Yamamoto/ROS2_detection/install/mb1ssd_detection/share/mb1ssd_detection/hook/pythonpath.sh'
[1.947s] Level 1:colcon.colcon_core.environment:create_environment_scripts_only(mb1ssd_detection)
[1.948s] INFO:colcon.colcon_core.shell:Creating package script '/home/seniorcar/Desktop/Yamamoto/ROS2_detection/install/mb1ssd_detection/share/mb1ssd_detection/package.ps1'
[1.949s] INFO:colcon.colcon_core.shell:Creating package descriptor '/home/seniorcar/Desktop/Yamamoto/ROS2_detection/install/mb1ssd_detection/share/mb1ssd_detection/package.dsv'
[1.951s] INFO:colcon.colcon_core.shell:Creating package script '/home/seniorcar/Desktop/Yamamoto/ROS2_detection/install/mb1ssd_detection/share/mb1ssd_detection/package.sh'
[1.952s] INFO:colcon.colcon_core.shell:Creating package script '/home/seniorcar/Desktop/Yamamoto/ROS2_detection/install/mb1ssd_detection/share/mb1ssd_detection/package.bash'
[1.953s] INFO:colcon.colcon_core.shell:Creating package script '/home/seniorcar/Desktop/Yamamoto/ROS2_detection/install/mb1ssd_detection/share/mb1ssd_detection/package.zsh'
[1.954s] Level 1:colcon.colcon_core.environment:create_file_with_runtime_dependencies(/home/seniorcar/Desktop/Yamamoto/ROS2_detection/install/mb1ssd_detection/share/colcon-core/packages/mb1ssd_detection)
[1.960s] Level 1:colcon.colcon_core.environment:checking '/home/seniorcar/Desktop/Yamamoto/ROS2_detection/install/ssd_detection' for CMake module files
[1.962s] DEBUG:colcon.colcon_core.event_handler.log_command:Invoked command in '/home/seniorcar/Desktop/Yamamoto/ROS2_detection/src/ssd_detection' returned '0': PYTHONPATH=/home/seniorcar/Desktop/Yamamoto/ROS2_detection/install/ssd_detection/lib/python3.6/site-packages:${PYTHONPATH} /usr/bin/python3 setup.py egg_info --egg-base ../../build/ssd_detection build --build-base /home/seniorcar/Desktop/Yamamoto/ROS2_detection/build/ssd_detection/build install --prefix /home/seniorcar/Desktop/Yamamoto/ROS2_detection/install/ssd_detection --record /home/seniorcar/Desktop/Yamamoto/ROS2_detection/build/ssd_detection/install.log --single-version-externally-managed
[1.963s] Level 1:colcon.colcon_core.environment:checking '/home/seniorcar/Desktop/Yamamoto/ROS2_detection/install/ssd_detection' for CMake config files
[1.964s] Level 1:colcon.colcon_core.environment:checking '/home/seniorcar/Desktop/Yamamoto/ROS2_detection/install/ssd_detection/lib'
[1.964s] Level 1:colcon.colcon_core.environment:checking '/home/seniorcar/Desktop/Yamamoto/ROS2_detection/install/ssd_detection/bin'
[1.964s] Level 1:colcon.colcon_core.environment:checking '/home/seniorcar/Desktop/Yamamoto/ROS2_detection/install/ssd_detection/lib/pkgconfig/ssd_detection.pc'
[1.964s] Level 1:colcon.colcon_core.environment:checking '/home/seniorcar/Desktop/Yamamoto/ROS2_detection/install/ssd_detection/lib/python3.6/site-packages'
[1.964s] Level 1:colcon.colcon_core.shell:create_environment_hook('ssd_detection', 'pythonpath')
[1.965s] INFO:colcon.colcon_core.shell:Creating environment hook '/home/seniorcar/Desktop/Yamamoto/ROS2_detection/install/ssd_detection/share/ssd_detection/hook/pythonpath.ps1'
[1.966s] INFO:colcon.colcon_core.shell:Creating environment descriptor '/home/seniorcar/Desktop/Yamamoto/ROS2_detection/install/ssd_detection/share/ssd_detection/hook/pythonpath.dsv'
[1.966s] INFO:colcon.colcon_core.shell:Creating environment hook '/home/seniorcar/Desktop/Yamamoto/ROS2_detection/install/ssd_detection/share/ssd_detection/hook/pythonpath.sh'
[1.966s] Level 1:colcon.colcon_core.environment:create_environment_scripts_only(ssd_detection)
[1.968s] INFO:colcon.colcon_core.shell:Creating package script '/home/seniorcar/Desktop/Yamamoto/ROS2_detection/install/ssd_detection/share/ssd_detection/package.ps1'
[1.969s] INFO:colcon.colcon_core.shell:Creating package descriptor '/home/seniorcar/Desktop/Yamamoto/ROS2_detection/install/ssd_detection/share/ssd_detection/package.dsv'
[1.970s] INFO:colcon.colcon_core.shell:Creating package script '/home/seniorcar/Desktop/Yamamoto/ROS2_detection/install/ssd_detection/share/ssd_detection/package.sh'
[1.970s] INFO:colcon.colcon_core.shell:Creating package script '/home/seniorcar/Desktop/Yamamoto/ROS2_detection/install/ssd_detection/share/ssd_detection/package.bash'
[1.970s] INFO:colcon.colcon_core.shell:Creating package script '/home/seniorcar/Desktop/Yamamoto/ROS2_detection/install/ssd_detection/share/ssd_detection/package.zsh'
[1.971s] Level 1:colcon.colcon_core.environment:create_file_with_runtime_dependencies(/home/seniorcar/Desktop/Yamamoto/ROS2_detection/install/ssd_detection/share/colcon-core/packages/ssd_detection)
[1.971s] DEBUG:colcon.colcon_parallel_executor.executor.parallel:closing loop
[1.972s] DEBUG:colcon.colcon_parallel_executor.executor.parallel:loop closed
[1.972s] DEBUG:colcon.colcon_parallel_executor.executor.parallel:run_until_complete finished with '0'
[1.972s] DEBUG:colcon.colcon_core.event_reactor:joining thread
[1.983s] INFO:colcon.colcon_core.plugin_system:Skipping extension 'colcon_notification.desktop_notification.terminal_notifier': Not used on non-Darwin systems
[1.984s] INFO:colcon.colcon_core.plugin_system:Skipping extension 'colcon_notification.desktop_notification.win32': Not used on non-Windows systems
[1.984s] INFO:colcon.colcon_notification.desktop_notification:Sending desktop notification using 'notify2'
[1.987s] DEBUG:colcon.colcon_core.event_reactor:joined thread
[1.988s] INFO:colcon.colcon_core.shell:Creating prefix script '/home/seniorcar/Desktop/Yamamoto/ROS2_detection/install/local_setup.ps1'
[1.990s] INFO:colcon.colcon_core.shell:Creating prefix util module '/home/seniorcar/Desktop/Yamamoto/ROS2_detection/install/_local_setup_util_ps1.py'
[1.991s] INFO:colcon.colcon_core.shell:Creating prefix chain script '/home/seniorcar/Desktop/Yamamoto/ROS2_detection/install/setup.ps1'
[1.998s] INFO:colcon.colcon_core.shell:Creating prefix script '/home/seniorcar/Desktop/Yamamoto/ROS2_detection/install/local_setup.sh'
[1.999s] INFO:colcon.colcon_core.shell:Creating prefix util module '/home/seniorcar/Desktop/Yamamoto/ROS2_detection/install/_local_setup_util_sh.py'
[2.000s] INFO:colcon.colcon_core.shell:Creating prefix chain script '/home/seniorcar/Desktop/Yamamoto/ROS2_detection/install/setup.sh'
[2.007s] INFO:colcon.colcon_core.shell:Creating prefix script '/home/seniorcar/Desktop/Yamamoto/ROS2_detection/install/local_setup.bash'
[2.008s] INFO:colcon.colcon_core.shell:Creating prefix chain script '/home/seniorcar/Desktop/Yamamoto/ROS2_detection/install/setup.bash'
[2.015s] INFO:colcon.colcon_core.shell:Creating prefix script '/home/seniorcar/Desktop/Yamamoto/ROS2_detection/install/local_setup.zsh'
[2.016s] INFO:colcon.colcon_core.shell:Creating prefix chain script '/home/seniorcar/Desktop/Yamamoto/ROS2_detection/install/setup.zsh'
